#
# A fatal error has been detected by the Java Runtime Environment:
#
#  SIGSEGV (0xb) at pc=0x00000001109a5029, pid=2836, tid=0x0000000000002103
#
# JRE version: OpenJDK Runtime Environment (8.0_112-b05) (build 1.8.0_112-release-b05)
# Java VM: OpenJDK 64-Bit Server VM (25.112-b05 mixed mode bsd-amd64 compressed oops)
# Problematic frame:
# V  [libjvm.dylib+0x1a5029]  oopDesc::size()+0x2d
#
# Failed to write core dump. Core dumps have been disabled. To enable core dumping, try "ulimit -c unlimited" before starting Java again
#
# If you would like to submit a bug report, please visit:
#   http://bugreport.java.com/bugreport/crash.jsp
#

---------------  T H R E A D  ---------------

Current thread (0x00007fa88d00d800):  GCTaskThread [stack: 0x0000000121511000,0x0000000121611000] [id=8451]

siginfo: si_signo: 11 (SIGSEGV), si_code: 1 (SEGV_MAPERR), si_addr: 0x0000000000000008

Registers:
RAX=0x0000000110fe4d60, RBX=0x00007fa88be26f30, RCX=0x0000000003652503, RDX=0x000000001b292d01
RSP=0x0000000121610bd0, RBP=0x0000000121610bd0, RSI=0x0000000799496bf0, RDI=0x0000000000000000
R8 =0x0000000000001b69, R9 =0x000000000000fe44, R10=0x1110000000000001, R11=0x0001000000000000
R12=0x000000079b4ec414, R13=0x000000079b4ec41c, R14=0x0000000799496bf0, R15=0x00000007c008d220
RIP=0x00000001109a5029, EFLAGS=0x0000000000010246, ERR=0x0000000000000004
  TRAPNO=0x000000000000000e

Top of Stack: (sp=0x0000000121610bd0)
0x0000000121610bd0:   0000000121610c00 0000000110ab50a0
0x0000000121610be0:   0000000121610c50 00007fa88be26f30
0x0000000121610bf0:   00000007c008d218 00000007c008d220
0x0000000121610c00:   0000000121610c50 0000000110ab1bf1
0x0000000121610c10:   00007fa88be26f30 000000079b4ec400
0x0000000121610c20:   00000006c1c90df0 00007fa88be26f30
0x0000000121610c30:   000000079b4ec400 0000000000000200
0x0000000121610c40:   00007fa88be26f38 0000000110fe4d60
0x0000000121610c50:   0000000121610ce0 0000000110c8c8a4
0x0000000121610c60:   00007fa88be26f30 00007fa88be26f70
0x0000000121610c70:   00007fa88be26fb8 00007fa88be26ff0
0x0000000121610c80:   000000079b4eb1e8 0000000100000200
0x0000000121610c90:   000000079b4ec400 00007fa88bc44708
0x0000000121610ca0:   0000000121610ce0 0000000110b178d5
0x0000000121610cb0:   000004da000003c1 00007fa88be26f30
0x0000000121610cc0:   0000000000000000 0000000110dd9999
0x0000000121610cd0:   0000000121610d88 0000000000000001
0x0000000121610ce0:   0000000121610db0 0000000110c7f42f
0x0000000121610cf0:   0000000121610d64 00007fa88be23828
0x0000000121610d00:   ffffffffffffffff 0000206000000040
0x0000000121610d10:   00007fa88be23840 00007fa88be23828
0x0000000121610d20:   0000000000000000 0000000110db84f0
0x0000000121610d30:   00007fa88bc07ad0 0000000000000003
0x0000000121610d40:   0000000121610d80 00007fff8dbcf9ea
0x0000000121610d50:   00007fa88be23828 0000206000000003
0x0000000121610d60:   0000910000009100 00007fa88be24880
0x0000000121610d70:   000000011107aed0 0000000000000000
0x0000000121610d80:   0000000121610d88 000000011107aea0
0x0000000121610d90:   0000000000000000 00007fa88be26f30
0x0000000121610da0:   00007fa88d00d800 00007fa88be24880
0x0000000121610db0:   0000000121610e90 0000000110a6dc37
0x0000000121610dc0:   0000000121610df0 00007fa88bc07dd0 

Instructions: (pc=0x00000001109a5029)
0x00000001109a5009:   84 d2 48 89 fe 74 15 48 8d 05 49 fd 63 00 8a 48
0x00000001109a5019:   08 8b 7e 08 48 d3 e7 48 03 38 eb 04 48 8b 7e 08
0x00000001109a5029:   8b 47 08 85 c0 7e 09 a8 01 75 4e c1 f8 03 eb 47
0x00000001109a5039:   85 c0 7f 43 85 c0 79 41 84 d2 0f 94 c1 0f b6 c9 

Register to memory mapping:

RAX=0x0000000110fe4d60: _ZN8Universe13_narrow_klassE+0 in /Applications/Android Studio.app/Contents/jre/jdk/Contents/Home/jre/lib/server/libjvm.dylib at 0x0000000110800000
RBX=0x00007fa88be26f30 is an unknown value
RCX=0x0000000003652503 is an unknown value
RDX=0x000000001b292d01 is an unknown value
RSP=0x0000000121610bd0 is an unknown value
RBP=0x0000000121610bd0 is an unknown value
RSI=0x0000000799496bf0 is an oop

[error occurred during error reporting (printing register info), id 0xb]

Stack: [0x0000000121511000,0x0000000121611000],  sp=0x0000000121610bd0,  free space=1022k
Native frames: (J=compiled Java code, j=interpreted, Vv=VM code, C=native code)
V  [libjvm.dylib+0x1a5029]  oopDesc::size()+0x2d
V  [libjvm.dylib+0x2b50a0]  void PSParallelCompact::mark_and_push<unsigned int>(ParCompactionManager*, unsigned int*)+0x6a
V  [libjvm.dylib+0x2b1bf1]  InstanceKlass::oop_follow_contents(ParCompactionManager*, oopDesc*)+0x10d
V  [libjvm.dylib+0x48c8a4]  ParCompactionManager::follow_marking_stacks()+0xb4
V  [libjvm.dylib+0x47f42f]  MarkFromRootsTask::do_it(GCTaskManager*, unsigned int)+0x1b9
V  [libjvm.dylib+0x26dc37]  GCTaskThread::run()+0x1a1
V  [libjvm.dylib+0x45bf0a]  java_start(Thread*)+0xf6
C  [libsystem_pthread.dylib+0x405a]  _pthread_body+0x83
C  [libsystem_pthread.dylib+0x3fd7]  _pthread_body+0x0
C  [libsystem_pthread.dylib+0x13ed]  thread_start+0xd


---------------  P R O C E S S  ---------------

Java Threads: ( => current thread )
  0x00007fa88d05a000 JavaThread "pool-2-thread-4" [_thread_blocked, id=21251, stack(0x000000012e5bf000,0x000000012e6bf000)]
  0x00007fa88c08a800 JavaThread "pool-2-thread-3" [_thread_blocked, id=20739, stack(0x000000012e4bc000,0x000000012e5bc000)]
  0x00007fa88c26e800 JavaThread "pool-2-thread-2" [_thread_blocked, id=20227, stack(0x000000012e3b9000,0x000000012e4b9000)]
  0x00007fa88c1ef000 JavaThread "pool-3-thread-1" [_thread_blocked, id=19715, stack(0x000000012e2b6000,0x000000012e3b6000)]
  0x00007fa88d047800 JavaThread "pool-2-thread-1" [_thread_blocked, id=19203, stack(0x000000012e1b3000,0x000000012e2b3000)]
  0x00007fa88c039800 JavaThread "Service Thread" daemon [_thread_blocked, id=18179, stack(0x000000012dc2e000,0x000000012dd2e000)]
  0x00007fa88d033800 JavaThread "C1 CompilerThread2" daemon [_thread_blocked, id=17667, stack(0x000000012db2b000,0x000000012dc2b000)]
  0x00007fa88d032800 JavaThread "C2 CompilerThread1" daemon [_thread_blocked, id=17155, stack(0x000000012da28000,0x000000012db28000)]
  0x00007fa88d021800 JavaThread "C2 CompilerThread0" daemon [_thread_blocked, id=16643, stack(0x000000012d925000,0x000000012da25000)]
  0x00007fa88c045000 JavaThread "Signal Dispatcher" daemon [_thread_blocked, id=14359, stack(0x000000012d822000,0x000000012d922000)]
  0x00007fa88d018800 JavaThread "Finalizer" daemon [_thread_blocked, id=11523, stack(0x000000012be0f000,0x000000012bf0f000)]
  0x00007fa88c01c000 JavaThread "Reference Handler" daemon [_thread_blocked, id=11011, stack(0x000000012bd0c000,0x000000012be0c000)]
  0x00007fa88d002000 JavaThread "main" [_thread_blocked, id=4867, stack(0x00000001112f7000,0x00000001113f7000)]

Other Threads:
  0x00007fa88c019800 VMThread [stack: 0x000000012bc09000,0x000000012bd09000] [id=10499]
  0x00007fa88c046000 WatcherThread [stack: 0x000000012dd31000,0x000000012de31000] [id=18691]

=>0x00007fa88d00d800 (exited) GCTaskThread [stack: 0x0000000121511000,0x0000000121611000] [id=8451]

VM state:at safepoint (normal execution)

VM Mutex/Monitor currently owned by a thread:  ([mutex/lock_event])
[0x00007fa88be20240] Threads_lock - owner thread: 0x00007fa88c019800
[0x00007fa88be20740] Heap_lock - owner thread: 0x00007fa88d002000

Heap:
 PSYoungGen      total 696832K, used 94713K [0x000000076ab00000, 0x00000007a2b00000, 0x00000007c0000000)
  eden space 602112K, 0% used [0x000000076ab00000,0x000000076ab00000,0x000000078f700000)
  from space 94720K, 99% used [0x0000000797600000,0x000000079d27e568,0x000000079d280000)
  to   space 130048K, 0% used [0x000000078f700000,0x000000078f700000,0x0000000797600000)
 ParOldGen       total 169472K, used 166616K [0x00000006c0000000, 0x00000006ca580000, 0x000000076ab00000)
  object space 169472K, 98% used [0x00000006c0000000,0x00000006ca2b6260,0x00000006ca580000)
 Metaspace       used 6589K, capacity 7284K, committed 7552K, reserved 1056768K
  class space    used 603K, capacity 620K, committed 640K, reserved 1048576K

Card table byte_map: [0x00000001207b9000,0x0000000120fba000] byte_map_base: 0x000000011d1b9000

Marking Bits: (ParMarkBitMap*) 0x000000011108bed0
 Begin Bits: [0x000000012191c000, 0x000000012591c000)
 End Bits:   [0x000000012591c000, 0x000000012991c000)

Polling page: 0x000000010ffae000

CodeCache: size=245760Kb used=10299Kb max_used=10299Kb free=235461Kb
 bounds [0x00000001113f9000, 0x0000000111e19000, 0x00000001203f9000]
 total_blobs=2681 nmethods=2412 adapters=183
 compilation: enabled

Compilation events (10 events):
Event: 9.330 Thread 0x00007fa88d033800 2706       3       com.android.dx.ssa.PhiTypeResolver::resolveResultType (308 bytes)
Event: 9.334 Thread 0x00007fa88d033800 nmethod 2706 0x0000000111e01510 code [0x0000000111e019e0, 0x0000000111e052e8]
Event: 9.367 Thread 0x00007fa88d033800 2708       2       com.android.dx.cf.code.Simulator$SimVisitor::visitSwitch (54 bytes)
Event: 9.367 Thread 0x00007fa88d033800 nmethod 2708 0x0000000111e06f90 code [0x0000000111e07120, 0x0000000111e07488]
Event: 9.367 Thread 0x00007fa88d033800 2709       2       com.android.dx.cf.code.BaseMachine::auxSwitchArg (20 bytes)
Event: 9.368 Thread 0x00007fa88d033800 nmethod 2709 0x0000000111e076d0 code [0x0000000111e07840, 0x0000000111e07a68]
Event: 9.612 Thread 0x00007fa88d033800 2711       3       com.android.dx.ssa.back.RegisterAllocator::insertMoveBefore (240 bytes)
Event: 9.616 Thread 0x00007fa88d033800 nmethod 2711 0x0000000111e07b50 code [0x0000000111e07fc0, 0x0000000111e0ac88]
Event: 9.618 Thread 0x00007fa88d033800 2712       3       com.android.dx.ssa.InterferenceRegisterMapper::areAnyPinned (81 bytes)
Event: 9.619 Thread 0x00007fa88d033800 nmethod 2712 0x0000000111e0ce90 code [0x0000000111e0d080, 0x0000000111e0dcd8]

GC Heap History (10 events):
Event: 4.389 GC heap after
Heap after GC invocations=7 (full 0):
 PSYoungGen      total 292352K, used 31203K [0x000000076ab00000, 0x0000000790e00000, 0x00000007c0000000)
  eden space 261120K, 0% used [0x000000076ab00000,0x000000076ab00000,0x000000077aa00000)
  from space 31232K, 99% used [0x000000077aa00000,0x000000077c878c60,0x000000077c880000)
  to   space 51712K, 0% used [0x000000078db80000,0x000000078db80000,0x0000000790e00000)
 ParOldGen       total 87552K, used 59844K [0x00000006c0000000, 0x00000006c5580000, 0x000000076ab00000)
  object space 87552K, 68% used [0x00000006c0000000,0x00000006c3a711a8,0x00000006c5580000)
 Metaspace       used 6468K, capacity 7220K, committed 7296K, reserved 1056768K
  class space    used 602K, capacity 620K, committed 640K, reserved 1048576K
}
Event: 5.176 GC heap before
{Heap before GC invocations=8 (full 0):
 PSYoungGen      total 292352K, used 292323K [0x000000076ab00000, 0x0000000790e00000, 0x00000007c0000000)
  eden space 261120K, 100% used [0x000000076ab00000,0x000000077aa00000,0x000000077aa00000)
  from space 31232K, 99% used [0x000000077aa00000,0x000000077c878c60,0x000000077c880000)
  to   space 51712K, 0% used [0x000000078db80000,0x000000078db80000,0x0000000790e00000)
 ParOldGen       total 87552K, used 59844K [0x00000006c0000000, 0x00000006c5580000, 0x000000076ab00000)
  object space 87552K, 68% used [0x00000006c0000000,0x00000006c3a711a8,0x00000006c5580000)
 Metaspace       used 6533K, capacity 7284K, committed 7552K, reserved 1056768K
  class space    used 603K, capacity 620K, committed 640K, reserved 1048576K
Event: 5.321 GC heap after
Heap after GC invocations=8 (full 0):
 PSYoungGen      total 555520K, used 51692K [0x000000076ab00000, 0x0000000793200000, 0x00000007c0000000)
  eden space 503808K, 0% used [0x000000076ab00000,0x000000076ab00000,0x0000000789700000)
  from space 51712K, 99% used [0x000000078db80000,0x0000000790dfb120,0x0000000790e00000)
  to   space 70144K, 0% used [0x0000000789700000,0x0000000789700000,0x000000078db80000)
 ParOldGen       total 87552K, used 78141K [0x00000006c0000000, 0x00000006c5580000, 0x000000076ab00000)
  object space 87552K, 89% used [0x00000006c0000000,0x00000006c4c4f5b8,0x00000006c5580000)
 Metaspace       used 6533K, capacity 7284K, committed 7552K, reserved 1056768K
  class space    used 603K, capacity 620K, committed 640K, reserved 1048576K
}
Event: 5.321 GC heap before
{Heap before GC invocations=9 (full 1):
 PSYoungGen      total 555520K, used 51692K [0x000000076ab00000, 0x0000000793200000, 0x00000007c0000000)
  eden space 503808K, 0% used [0x000000076ab00000,0x000000076ab00000,0x0000000789700000)
  from space 51712K, 99% used [0x000000078db80000,0x0000000790dfb120,0x0000000790e00000)
  to   space 70144K, 0% used [0x0000000789700000,0x0000000789700000,0x000000078db80000)
 ParOldGen       total 87552K, used 78141K [0x00000006c0000000, 0x00000006c5580000, 0x000000076ab00000)
  object space 87552K, 89% used [0x00000006c0000000,0x00000006c4c4f5b8,0x00000006c5580000)
 Metaspace       used 6533K, capacity 7284K, committed 7552K, reserved 1056768K
  class space    used 603K, capacity 620K, committed 640K, reserved 1048576K
Event: 6.119 GC heap after
Heap after GC invocations=9 (full 1):
 PSYoungGen      total 555520K, used 37723K [0x000000076ab00000, 0x0000000793200000, 0x00000007c0000000)
  eden space 503808K, 0% used [0x000000076ab00000,0x000000076ab00000,0x0000000789700000)
  from space 51712K, 72% used [0x000000078db80000,0x0000000790056e40,0x0000000790e00000)
  to   space 70144K, 0% used [0x0000000789700000,0x0000000789700000,0x000000078db80000)
 ParOldGen       total 169472K, used 87543K [0x00000006c0000000, 0x00000006ca580000, 0x000000076ab00000)
  object space 169472K, 51% used [0x00000006c0000000,0x00000006c557df80,0x00000006ca580000)
 Metaspace       used 6533K, capacity 7284K, committed 7552K, reserved 1056768K
  class space    used 603K, capacity 620K, committed 640K, reserved 1048576K
}
Event: 7.719 GC heap before
{Heap before GC invocations=10 (full 1):
 PSYoungGen      total 555520K, used 541531K [0x000000076ab00000, 0x0000000793200000, 0x00000007c0000000)
  eden space 503808K, 100% used [0x000000076ab00000,0x0000000789700000,0x0000000789700000)
  from space 51712K, 72% used [0x000000078db80000,0x0000000790056e40,0x0000000790e00000)
  to   space 70144K, 0% used [0x0000000789700000,0x0000000789700000,0x000000078db80000)
 ParOldGen       total 169472K, used 87543K [0x00000006c0000000, 0x00000006ca580000, 0x000000076ab00000)
  object space 169472K, 51% used [0x00000006c0000000,0x00000006c557df80,0x00000006ca580000)
 Metaspace       used 6568K, capacity 7284K, committed 7552K, reserved 1056768K
  class space    used 603K, capacity 620K, committed 640K, reserved 1048576K
Event: 8.019 GC heap after
Heap after GC invocations=10 (full 1):
 PSYoungGen      total 573952K, used 70127K [0x000000076ab00000, 0x000000079d280000, 0x00000007c0000000)
  eden space 503808K, 0% used [0x000000076ab00000,0x000000076ab00000,0x0000000789700000)
  from space 70144K, 99% used [0x0000000789700000,0x000000078db7bfc8,0x000000078db80000)
  to   space 94720K, 0% used [0x0000000797600000,0x0000000797600000,0x000000079d280000)
 ParOldGen       total 169472K, used 115374K [0x00000006c0000000, 0x00000006ca580000, 0x000000076ab00000)
  object space 169472K, 68% used [0x00000006c0000000,0x00000006c70ab800,0x00000006ca580000)
 Metaspace       used 6568K, capacity 7284K, committed 7552K, reserved 1056768K
  class space    used 603K, capacity 620K, committed 640K, reserved 1048576K
}
Event: 9.670 GC heap before
{Heap before GC invocations=11 (full 1):
 PSYoungGen      total 573952K, used 573935K [0x000000076ab00000, 0x000000079d280000, 0x00000007c0000000)
  eden space 503808K, 100% used [0x000000076ab00000,0x0000000789700000,0x0000000789700000)
  from space 70144K, 99% used [0x0000000789700000,0x000000078db7bfc8,0x000000078db80000)
  to   space 94720K, 0% used [0x0000000797600000,0x0000000797600000,0x000000079d280000)
 ParOldGen       total 169472K, used 115374K [0x00000006c0000000, 0x00000006ca580000, 0x000000076ab00000)
  object space 169472K, 68% used [0x00000006c0000000,0x00000006c70ab800,0x00000006ca580000)
 Metaspace       used 6589K, capacity 7284K, committed 7552K, reserved 1056768K
  class space    used 603K, capacity 620K, committed 640K, reserved 1048576K
Event: 10.162 GC heap after
Heap after GC invocations=11 (full 1):
 PSYoungGen      total 696832K, used 94713K [0x000000076ab00000, 0x00000007a2b00000, 0x00000007c0000000)
  eden space 602112K, 0% used [0x000000076ab00000,0x000000076ab00000,0x000000078f700000)
  from space 94720K, 99% used [0x0000000797600000,0x000000079d27e568,0x000000079d280000)
  to   space 130048K, 0% used [0x000000078f700000,0x000000078f700000,0x0000000797600000)
 ParOldGen       total 169472K, used 166616K [0x00000006c0000000, 0x00000006ca580000, 0x000000076ab00000)
  object space 169472K, 98% used [0x00000006c0000000,0x00000006ca2b6260,0x00000006ca580000)
 Metaspace       used 6589K, capacity 7284K, committed 7552K, reserved 1056768K
  class space    used 603K, capacity 620K, committed 640K, reserved 1048576K
}
Event: 10.162 GC heap before
{Heap before GC invocations=12 (full 2):
 PSYoungGen      total 696832K, used 94713K [0x000000076ab00000, 0x00000007a2b00000, 0x00000007c0000000)
  eden space 602112K, 0% used [0x000000076ab00000,0x000000076ab00000,0x000000078f700000)
  from space 94720K, 99% used [0x0000000797600000,0x000000079d27e568,0x000000079d280000)
  to   space 130048K, 0% used [0x000000078f700000,0x000000078f700000,0x0000000797600000)
 ParOldGen       total 169472K, used 166616K [0x00000006c0000000, 0x00000006ca580000, 0x000000076ab00000)
  object space 169472K, 98% used [0x00000006c0000000,0x00000006ca2b6260,0x00000006ca580000)
 Metaspace       used 6589K, capacity 7284K, committed 7552K, reserved 1056768K
  class space    used 603K, capacity 620K, committed 640K, reserved 1048576K

Deoptimization events (10 events):
Event: 3.074 Thread 0x00007fa88d002000 Uncommon trap: reason=unstable_if action=reinterpret pc=0x0000000111705f1c method=java.util.HashMap.getNode(ILjava/lang/Object;)Ljava/util/HashMap$Node; @ 84
Event: 4.591 Thread 0x00007fa88d047800 Uncommon trap: reason=class_check action=maybe_recompile pc=0x0000000111c38318 method=com.android.dx.rop.code.RegisterSpec.withSimpleType()Lcom/android/dx/rop/code/RegisterSpec; @ 21
Event: 4.598 Thread 0x00007fa88d047800 Uncommon trap: reason=class_check action=maybe_recompile pc=0x0000000111c38318 method=com.android.dx.rop.code.RegisterSpec.withSimpleType()Lcom/android/dx/rop/code/RegisterSpec; @ 21
Event: 4.601 Thread 0x00007fa88c08a800 Uncommon trap: reason=class_check action=maybe_recompile pc=0x0000000111c38318 method=com.android.dx.rop.code.RegisterSpec.withSimpleType()Lcom/android/dx/rop/code/RegisterSpec; @ 21
Event: 4.601 Thread 0x00007fa88c08a800 Uncommon trap: reason=unstable_if action=reinterpret pc=0x0000000111c37c60 method=com.android.dx.rop.code.RegisterSpecSet.localItemToSpec(Lcom/android/dx/rop/code/LocalItem;)Lcom/android/dx/rop/code/RegisterSpec; @ 35
Event: 6.229 Thread 0x00007fa88c08a800 Uncommon trap: reason=unstable_if action=reinterpret pc=0x0000000111c9d950 method=com.android.dx.cf.code.BaseMachine.getLocalTarget(Z)Lcom/android/dx/rop/code/RegisterSpec; @ 131
Event: 6.994 Thread 0x00007fa88d002000 Uncommon trap: reason=unstable_if action=reinterpret pc=0x000000011157e614 method=java.util.zip.ZipCoder.decoder()Ljava/nio/charset/CharsetDecoder; @ 4
Event: 7.628 Thread 0x00007fa88d047800 Uncommon trap: reason=unstable_if action=reinterpret pc=0x0000000111d7a854 method=com.android.dx.rop.code.RegisterSpec.intersect(Lcom/android/dx/rop/code/RegisterSpec;Z)Lcom/android/dx/rop/code/RegisterSpec; @ 42
Event: 8.202 Thread 0x00007fa88c08a800 Uncommon trap: reason=unstable_if action=reinterpret pc=0x0000000111da09d4 method=java.util.BitSet.clone()Ljava/lang/Object; @ 4
Event: 8.497 Thread 0x00007fa88c08a800 Uncommon trap: reason=unstable_if action=reinterpret pc=0x0000000111db33c8 method=com.android.dx.rop.code.RegisterSpec.intersect(Lcom/android/dx/rop/code/RegisterSpec;Z)Lcom/android/dx/rop/code/RegisterSpec; @ 42

Internal exceptions (10 events):
Event: 0.100 Thread 0x00007fa88d002000 Exception <a 'java/util/zip/ZipException'> (0x000000076aba3fe8) thrown at [/Volumes/Android_AOSP/AOSP-openjdk/external/jetbrains/jdk/hotspot/src/share/vm/prims/jni.cpp, line 709]
Event: 0.100 Thread 0x00007fa88d002000 Exception <a 'java/security/PrivilegedActionException'> (0x000000076aba41f0) thrown at [/Volumes/Android_AOSP/AOSP-openjdk/external/jetbrains/jdk/hotspot/src/share/vm/prims/jvm.cpp, line 1390]
Event: 0.100 Thread 0x00007fa88d002000 Exception <a 'java/security/PrivilegedActionException'> (0x000000076aba4400) thrown at [/Volumes/Android_AOSP/AOSP-openjdk/external/jetbrains/jdk/hotspot/src/share/vm/prims/jvm.cpp, line 1390]
Event: 0.102 Thread 0x00007fa88d002000 Exception <a 'java/util/zip/ZipException'> (0x000000076ac5c4a8) thrown at [/Volumes/Android_AOSP/AOSP-openjdk/external/jetbrains/jdk/hotspot/src/share/vm/prims/jni.cpp, line 709]
Event: 0.102 Thread 0x00007fa88d002000 Exception <a 'java/security/PrivilegedActionException'> (0x000000076ac5c6b0) thrown at [/Volumes/Android_AOSP/AOSP-openjdk/external/jetbrains/jdk/hotspot/src/share/vm/prims/jvm.cpp, line 1390]
Event: 0.102 Thread 0x00007fa88d002000 Exception <a 'java/security/PrivilegedActionException'> (0x000000076ac5c8c0) thrown at [/Volumes/Android_AOSP/AOSP-openjdk/external/jetbrains/jdk/hotspot/src/share/vm/prims/jvm.cpp, line 1390]
Event: 1.248 Thread 0x00007fa88d002000 Implicit null exception at 0x0000000111764bad to 0x00000001117678b1
Event: 1.560 Thread 0x00007fa88d047800 Exception <a 'java/lang/ArrayIndexOutOfBoundsException': 18> (0x000000076df9dc20) thrown at [/Volumes/Android_AOSP/AOSP-openjdk/external/jetbrains/jdk/hotspot/src/share/vm/interpreter/interpreterRuntime.cpp, line 366]
Event: 1.560 Thread 0x00007fa88d047800 Exception <a 'java/lang/ArrayIndexOutOfBoundsException': 145> (0x000000076df9f7a0) thrown at [/Volumes/Android_AOSP/AOSP-openjdk/external/jetbrains/jdk/hotspot/src/share/vm/interpreter/interpreterRuntime.cpp, line 366]
Event: 1.563 Thread 0x00007fa88d047800 Exception <a 'java/lang/ArrayIndexOutOfBoundsException': 40> (0x000000076dfa0a88) thrown at [/Volumes/Android_AOSP/AOSP-openjdk/external/jetbrains/jdk/hotspot/src/share/vm/interpreter/interpreterRuntime.cpp, line 366]

Events (10 events):
Event: 8.997 Thread 0x00007fa88c26e800 DEOPT UNPACKING pc=0x0000000111440373 sp=0x000000012e4b7cf8 mode 0
Event: 9.053 Thread 0x00007fa88d05a000 DEOPT PACKING pc=0x000000011199e3ba sp=0x000000012e6bdc60
Event: 9.053 Thread 0x00007fa88d05a000 DEOPT UNPACKING pc=0x0000000111440373 sp=0x000000012e6bdac0 mode 0
Event: 9.128 Thread 0x00007fa88c08a800 DEOPT PACKING pc=0x000000011183c930 sp=0x000000012e5baf00
Event: 9.128 Thread 0x00007fa88c08a800 DEOPT UNPACKING pc=0x0000000111440373 sp=0x000000012e5bac20 mode 0
Event: 9.363 Thread 0x00007fa88d002000 DEOPT PACKING pc=0x000000011199e3ba sp=0x00000001113f5430
Event: 9.363 Thread 0x00007fa88d002000 DEOPT UNPACKING pc=0x0000000111440373 sp=0x00000001113f5290 mode 0
Event: 9.511 Thread 0x00007fa88c26e800 DEOPT PACKING pc=0x00000001117564f1 sp=0x000000012e4b7fc0
Event: 9.511 Thread 0x00007fa88c26e800 DEOPT UNPACKING pc=0x0000000111440373 sp=0x000000012e4b7cf8 mode 0
Event: 9.670 Executing VM operation: ParallelGCFailedAllocation


Dynamic libraries:
0x0000000003a5e000 	/System/Library/Frameworks/Cocoa.framework/Versions/A/Cocoa
0x0000000003a5e000 	/System/Library/Frameworks/Security.framework/Versions/A/Security
0x0000000003a5e000 	/System/Library/Frameworks/ApplicationServices.framework/Versions/A/ApplicationServices
0x0000000003a5e000 	/usr/lib/libz.1.dylib
0x0000000003a5e000 	/usr/lib/libSystem.B.dylib
0x0000000003a5e000 	/usr/lib/libobjc.A.dylib
0x0000000003a5e000 	/System/Library/Frameworks/Foundation.framework/Versions/C/Foundation
0x0000000003a5e000 	/System/Library/Frameworks/CoreFoundation.framework/Versions/A/CoreFoundation
0x0000000003a5e000 	/System/Library/Frameworks/AppKit.framework/Versions/C/AppKit
0x0000000003a5e000 	/System/Library/Frameworks/CoreData.framework/Versions/A/CoreData
0x0000000003a5e000 	/System/Library/PrivateFrameworks/RemoteViewServices.framework/Versions/A/RemoteViewServices
0x0000000003a5e000 	/System/Library/PrivateFrameworks/UIFoundation.framework/Versions/A/UIFoundation
0x0000000003a5e000 	/System/Library/Frameworks/IOSurface.framework/Versions/A/IOSurface
0x0000000003a5e000 	/System/Library/Frameworks/AudioToolbox.framework/Versions/A/AudioToolbox
0x0000000003a5e000 	/System/Library/Frameworks/AudioUnit.framework/Versions/A/AudioUnit
0x0000000003a5e000 	/System/Library/PrivateFrameworks/DataDetectorsCore.framework/Versions/A/DataDetectorsCore
0x0000000003a5e000 	/System/Library/PrivateFrameworks/DesktopServicesPriv.framework/Versions/A/DesktopServicesPriv
0x0000000003a5e000 	/System/Library/Frameworks/Carbon.framework/Versions/A/Frameworks/HIToolbox.framework/Versions/A/HIToolbox
0x0000000003a5e000 	/System/Library/Frameworks/QuartzCore.framework/Versions/A/QuartzCore
0x0000000003a5e000 	/System/Library/Frameworks/Carbon.framework/Versions/A/Frameworks/SpeechRecognition.framework/Versions/A/SpeechRecognition
0x0000000003a5e000 	/usr/lib/libauto.dylib
0x0000000003a5e000 	/usr/lib/libicucore.A.dylib
0x0000000003a5e000 	/usr/lib/libxml2.2.dylib
0x0000000003a5e000 	/System/Library/PrivateFrameworks/CoreUI.framework/Versions/A/CoreUI
0x0000000003a5e000 	/System/Library/Frameworks/CoreAudio.framework/Versions/A/CoreAudio
0x0000000003a5e000 	/System/Library/Frameworks/DiskArbitration.framework/Versions/A/DiskArbitration
0x0000000003a5e000 	/usr/lib/liblangid.dylib
0x0000000003a5e000 	/System/Library/PrivateFrameworks/MultitouchSupport.framework/Versions/A/MultitouchSupport
0x0000000003a5e000 	/System/Library/Frameworks/IOKit.framework/Versions/A/IOKit
0x0000000003a5e000 	/usr/lib/libDiagnosticMessagesClient.dylib
0x0000000003a5e000 	/System/Library/Frameworks/CoreServices.framework/Versions/A/CoreServices
0x0000000003a5e000 	/System/Library/PrivateFrameworks/PerformanceAnalysis.framework/Versions/A/PerformanceAnalysis
0x0000000003a5e000 	/System/Library/PrivateFrameworks/GenerationalStorage.framework/Versions/A/GenerationalStorage
0x0000000003a5e000 	/System/Library/Frameworks/OpenGL.framework/Versions/A/OpenGL
0x0000000003a5e000 	/System/Library/PrivateFrameworks/Sharing.framework/Versions/A/Sharing
0x0000000003a5e000 	/System/Library/Frameworks/CoreGraphics.framework/Versions/A/CoreGraphics
0x0000000003a5e000 	/System/Library/Frameworks/CoreText.framework/Versions/A/CoreText
0x0000000003a5e000 	/System/Library/Frameworks/ImageIO.framework/Versions/A/ImageIO
0x0000000003a5e000 	/usr/lib/libextension.dylib
0x0000000003a5e000 	/System/Library/PrivateFrameworks/Backup.framework/Versions/A/Backup
0x0000000003a5e000 	/usr/lib/libarchive.2.dylib
0x0000000003a5e000 	/System/Library/Frameworks/CFNetwork.framework/Versions/A/CFNetwork
0x0000000003a5e000 	/System/Library/Frameworks/SystemConfiguration.framework/Versions/A/SystemConfiguration
0x0000000003a5e000 	/usr/lib/libCRFSuite.dylib
0x0000000003a5e000 	/usr/lib/libc++.1.dylib
0x0000000003a5e000 	/usr/lib/libc++abi.dylib
0x0000000003a5e000 	/usr/lib/system/libcache.dylib
0x0000000003a5e000 	/usr/lib/system/libcommonCrypto.dylib
0x0000000003a5e000 	/usr/lib/system/libcompiler_rt.dylib
0x0000000003a5e000 	/usr/lib/system/libcopyfile.dylib
0x0000000003a5e000 	/usr/lib/system/libcorecrypto.dylib
0x0000000003a5e000 	/usr/lib/system/libdispatch.dylib
0x0000000003a5e000 	/usr/lib/system/libdyld.dylib
0x0000000003a5e000 	/usr/lib/system/libkeymgr.dylib
0x0000000003a5e000 	/usr/lib/system/liblaunch.dylib
0x0000000003a5e000 	/usr/lib/system/libmacho.dylib
0x0000000003a5e000 	/usr/lib/system/libquarantine.dylib
0x0000000003a5e000 	/usr/lib/system/libremovefile.dylib
0x0000000003a5e000 	/usr/lib/system/libsystem_asl.dylib
0x0000000003a5e000 	/usr/lib/system/libsystem_blocks.dylib
0x0000000003a5e000 	/usr/lib/system/libsystem_c.dylib
0x0000000003a5e000 	/usr/lib/system/libsystem_configuration.dylib
0x0000000003a5e000 	/usr/lib/system/libsystem_coreservices.dylib
0x0000000003a5e000 	/usr/lib/system/libsystem_coretls.dylib
0x0000000003a5e000 	/usr/lib/system/libsystem_dnssd.dylib
0x0000000003a5e000 	/usr/lib/system/libsystem_info.dylib
0x0000000003a5e000 	/usr/lib/system/libsystem_kernel.dylib
0x0000000003a5e000 	/usr/lib/system/libsystem_m.dylib
0x0000000003a5e000 	/usr/lib/system/libsystem_malloc.dylib
0x0000000003a5e000 	/usr/lib/system/libsystem_network.dylib
0x0000000003a5e000 	/usr/lib/system/libsystem_networkextension.dylib
0x0000000003a5e000 	/usr/lib/system/libsystem_notify.dylib
0x0000000003a5e000 	/usr/lib/system/libsystem_platform.dylib
0x0000000003a5e000 	/usr/lib/system/libsystem_pthread.dylib
0x0000000003a5e000 	/usr/lib/system/libsystem_sandbox.dylib
0x0000000003a5e000 	/usr/lib/system/libsystem_secinit.dylib
0x0000000003a5e000 	/usr/lib/system/libsystem_stats.dylib
0x0000000003a5e000 	/usr/lib/system/libsystem_trace.dylib
0x0000000003a5e000 	/usr/lib/system/libunc.dylib
0x0000000003a5e000 	/usr/lib/system/libunwind.dylib
0x0000000003a5e000 	/usr/lib/system/libxpc.dylib
0x0000000003a5e000 	/usr/lib/libbz2.1.0.dylib
0x0000000003a5e000 	/usr/lib/liblzma.5.dylib
0x0000000003a5e000 	/usr/lib/libbsm.0.dylib
0x0000000003a5e000 	/usr/lib/libsqlite3.dylib
0x0000000003a5e000 	/usr/lib/system/libkxld.dylib
0x0000000003a5e000 	/usr/lib/libxar.1.dylib
0x0000000003a5e000 	/usr/lib/libpam.2.dylib
0x0000000003a5e000 	/usr/lib/libOpenScriptingUtil.dylib
0x0000000003a5e000 	/System/Library/Frameworks/CoreServices.framework/Versions/A/Frameworks/FSEvents.framework/Versions/A/FSEvents
0x0000000003a5e000 	/System/Library/Frameworks/CoreServices.framework/Versions/A/Frameworks/CarbonCore.framework/Versions/A/CarbonCore
0x0000000003a5e000 	/System/Library/Frameworks/CoreServices.framework/Versions/A/Frameworks/Metadata.framework/Versions/A/Metadata
0x0000000003a5e000 	/System/Library/Frameworks/CoreServices.framework/Versions/A/Frameworks/OSServices.framework/Versions/A/OSServices
0x0000000003a5e000 	/System/Library/Frameworks/CoreServices.framework/Versions/A/Frameworks/SearchKit.framework/Versions/A/SearchKit
0x0000000003a5e000 	/System/Library/Frameworks/CoreServices.framework/Versions/A/Frameworks/AE.framework/Versions/A/AE
0x0000000003a5e000 	/System/Library/Frameworks/CoreServices.framework/Versions/A/Frameworks/LaunchServices.framework/Versions/A/LaunchServices
0x0000000003a5e000 	/System/Library/Frameworks/CoreServices.framework/Versions/A/Frameworks/DictionaryServices.framework/Versions/A/DictionaryServices
0x0000000003a5e000 	/System/Library/Frameworks/NetFS.framework/Versions/A/NetFS
0x0000000003a5e000 	/System/Library/PrivateFrameworks/NetAuth.framework/Versions/A/NetAuth
0x0000000003a5e000 	/System/Library/PrivateFrameworks/login.framework/Versions/A/Frameworks/loginsupport.framework/Versions/A/loginsupport
0x0000000003a5e000 	/System/Library/PrivateFrameworks/TCC.framework/Versions/A/TCC
0x0000000003a5e000 	/usr/lib/libmecabra.dylib
0x0000000003a5e000 	/System/Library/Frameworks/ApplicationServices.framework/Versions/A/Frameworks/ATS.framework/Versions/A/ATS
0x0000000003a5e000 	/System/Library/Frameworks/ApplicationServices.framework/Versions/A/Frameworks/ColorSync.framework/Versions/A/ColorSync
0x0000000003a5e000 	/System/Library/Frameworks/ApplicationServices.framework/Versions/A/Frameworks/HIServices.framework/Versions/A/HIServices
0x0000000003a5e000 	/System/Library/Frameworks/ApplicationServices.framework/Versions/A/Frameworks/LangAnalysis.framework/Versions/A/LangAnalysis
0x0000000003a5e000 	/System/Library/Frameworks/ApplicationServices.framework/Versions/A/Frameworks/PrintCore.framework/Versions/A/PrintCore
0x0000000003a5e000 	/System/Library/Frameworks/ApplicationServices.framework/Versions/A/Frameworks/QD.framework/Versions/A/QD
0x0000000003a5e000 	/System/Library/Frameworks/ApplicationServices.framework/Versions/A/Frameworks/SpeechSynthesis.framework/Versions/A/SpeechSynthesis
0x0000000003a5e000 	/System/Library/Frameworks/Accelerate.framework/Versions/A/Accelerate
0x0000000003a5e000 	/System/Library/Frameworks/Accelerate.framework/Versions/A/Frameworks/vImage.framework/Versions/A/vImage
0x0000000003a5e000 	/System/Library/Frameworks/Accelerate.framework/Versions/A/Frameworks/vecLib.framework/Versions/A/vecLib
0x0000000003a5e000 	/System/Library/Frameworks/Accelerate.framework/Versions/A/Frameworks/vecLib.framework/Versions/A/libvDSP.dylib
0x0000000003a5e000 	/System/Library/Frameworks/Accelerate.framework/Versions/A/Frameworks/vecLib.framework/Versions/A/libvMisc.dylib
0x0000000003a5e000 	/System/Library/Frameworks/Accelerate.framework/Versions/A/Frameworks/vecLib.framework/Versions/A/libLAPACK.dylib
0x0000000003a5e000 	/System/Library/Frameworks/Accelerate.framework/Versions/A/Frameworks/vecLib.framework/Versions/A/libBLAS.dylib
0x0000000003a5e000 	/System/Library/Frameworks/Accelerate.framework/Versions/A/Frameworks/vecLib.framework/Versions/A/libLinearAlgebra.dylib
0x0000000003a5e000 	/System/Library/Frameworks/ApplicationServices.framework/Versions/A/Frameworks/ATS.framework/Versions/A/Resources/libFontParser.dylib
0x0000000003a5e000 	/System/Library/Frameworks/ApplicationServices.framework/Versions/A/Frameworks/ATS.framework/Versions/A/Resources/libFontRegistry.dylib
0x0000000003a5e000 	/System/Library/PrivateFrameworks/AppleVPA.framework/Versions/A/AppleVPA
0x0000000003a5e000 	/System/Library/PrivateFrameworks/AppleJPEG.framework/Versions/A/AppleJPEG
0x0000000003a5e000 	/System/Library/Frameworks/ImageIO.framework/Versions/A/Resources/libJPEG.dylib
0x0000000003a5e000 	/System/Library/Frameworks/ImageIO.framework/Versions/A/Resources/libTIFF.dylib
0x0000000003a5e000 	/System/Library/Frameworks/ImageIO.framework/Versions/A/Resources/libPng.dylib
0x0000000003a5e000 	/System/Library/Frameworks/ImageIO.framework/Versions/A/Resources/libGIF.dylib
0x0000000003a5e000 	/System/Library/Frameworks/ImageIO.framework/Versions/A/Resources/libJP2.dylib
0x0000000003a5e000 	/System/Library/Frameworks/ImageIO.framework/Versions/A/Resources/libRadiance.dylib
0x0000000003a5e000 	/System/Library/Frameworks/CoreVideo.framework/Versions/A/CoreVideo
0x0000000003a5e000 	/System/Library/Frameworks/OpenGL.framework/Versions/A/Libraries/libGLU.dylib
0x0000000003a5e000 	/System/Library/Frameworks/OpenGL.framework/Versions/A/Libraries/libGFXShared.dylib
0x0000000003a5e000 	/System/Library/Frameworks/OpenGL.framework/Versions/A/Libraries/libGL.dylib
0x0000000003a5e000 	/System/Library/Frameworks/OpenGL.framework/Versions/A/Libraries/libGLImage.dylib
0x0000000003a5e000 	/System/Library/Frameworks/OpenGL.framework/Versions/A/Libraries/libCVMSPluginSupport.dylib
0x0000000003a5e000 	/System/Library/Frameworks/OpenGL.framework/Versions/A/Libraries/libCoreVMClient.dylib
0x0000000003a5e000 	/usr/lib/libcups.2.dylib
0x0000000003a5e000 	/System/Library/Frameworks/Kerberos.framework/Versions/A/Kerberos
0x0000000003a5e000 	/System/Library/Frameworks/GSS.framework/Versions/A/GSS
0x0000000003a5e000 	/usr/lib/libresolv.9.dylib
0x0000000003a5e000 	/usr/lib/libiconv.2.dylib
0x0000000003a5e000 	/System/Library/PrivateFrameworks/Heimdal.framework/Versions/A/Heimdal
0x0000000003a5e000 	/usr/lib/libheimdal-asn1.dylib
0x0000000003a5e000 	/System/Library/Frameworks/OpenDirectory.framework/Versions/A/OpenDirectory
0x0000000003a5e000 	/System/Library/PrivateFrameworks/CommonAuth.framework/Versions/A/CommonAuth
0x0000000003a5e000 	/System/Library/Frameworks/OpenDirectory.framework/Versions/A/Frameworks/CFOpenDirectory.framework/Versions/A/CFOpenDirectory
0x0000000003a5e000 	/System/Library/Frameworks/SecurityFoundation.framework/Versions/A/SecurityFoundation
0x0000000003a5e000 	/System/Library/PrivateFrameworks/LanguageModeling.framework/Versions/A/LanguageModeling
0x0000000003a5e000 	/usr/lib/libcmph.dylib
0x0000000003a5e000 	/System/Library/Frameworks/ServiceManagement.framework/Versions/A/ServiceManagement
0x0000000003a5e000 	/usr/lib/libxslt.1.dylib
0x0000000003a5e000 	/System/Library/Frameworks/Carbon.framework/Versions/A/Frameworks/Ink.framework/Versions/A/Ink
0x0000000003a5e000 	/System/Library/Frameworks/QuartzCore.framework/Versions/A/Frameworks/CoreImage.framework/Versions/A/CoreImage
0x0000000003a5e000 	/System/Library/PrivateFrameworks/CrashReporterSupport.framework/Versions/A/CrashReporterSupport
0x0000000003a5e000 	/System/Library/Frameworks/OpenCL.framework/Versions/A/OpenCL
0x0000000003a5e000 	/System/Library/PrivateFrameworks/FaceCore.framework/Versions/A/FaceCore
0x0000000003a5e000 	/System/Library/PrivateFrameworks/Ubiquity.framework/Versions/A/Ubiquity
0x0000000003a5e000 	/System/Library/PrivateFrameworks/IconServices.framework/Versions/A/IconServices
0x0000000003a5e000 	/System/Library/PrivateFrameworks/ChunkingLibrary.framework/Versions/A/ChunkingLibrary
0x0000000003a5e000 	/System/Library/PrivateFrameworks/Apple80211.framework/Versions/A/Apple80211
0x0000000003a5e000 	/System/Library/Frameworks/CoreWLAN.framework/Versions/A/CoreWLAN
0x0000000003a5e000 	/System/Library/Frameworks/IOBluetooth.framework/Versions/A/IOBluetooth
0x0000000003a5e000 	/System/Library/PrivateFrameworks/CoreWiFi.framework/Versions/A/CoreWiFi
0x0000000003a5e000 	/System/Library/Frameworks/CoreBluetooth.framework/Versions/A/CoreBluetooth
0x0000000003a5e000 	/System/Library/PrivateFrameworks/DebugSymbols.framework/Versions/A/DebugSymbols
0x0000000003a5e000 	/System/Library/PrivateFrameworks/CoreSymbolication.framework/Versions/A/CoreSymbolication
0x0000000003a5e000 	/System/Library/PrivateFrameworks/Symbolication.framework/Versions/A/Symbolication
0x0000000003a5e000 	/System/Library/PrivateFrameworks/SpeechRecognitionCore.framework/Versions/A/SpeechRecognitionCore
0x0000000110800000 	/Applications/Android Studio.app/Contents/jre/jdk/Contents/Home/jre/lib/server/libjvm.dylib
0x0000000003a5e000 	/usr/lib/libstdc++.6.dylib
0x000000010ff6c000 	/Applications/Android Studio.app/Contents/jre/jdk/Contents/Home/jre/lib/libverify.dylib
0x000000010ff79000 	/Applications/Android Studio.app/Contents/jre/jdk/Contents/Home/jre/lib/libjava.dylib
0x000000010ffb8000 	/Applications/Android Studio.app/Contents/jre/jdk/Contents/Home/jre/lib/libzip.dylib
0x000000012bf11000 	/System/Library/Frameworks/JavaVM.framework/Frameworks/JavaRuntimeSupport.framework/JavaRuntimeSupport
0x000000010ffea000 	/System/Library/Frameworks/JavaVM.framework/Versions/A/Frameworks/JavaNativeFoundation.framework/Versions/A/JavaNativeFoundation
0x000000012bf2c000 	/System/Library/Frameworks/JavaVM.framework/Versions/A/JavaVM
0x0000000003a5e000 	/System/Library/Frameworks/Carbon.framework/Versions/A/Carbon
0x000000012bf39000 	/System/Library/PrivateFrameworks/JavaLaunching.framework/Versions/A/JavaLaunching
0x0000000003a5e000 	/System/Library/Frameworks/Carbon.framework/Versions/A/Frameworks/CommonPanels.framework/Versions/A/CommonPanels
0x0000000003a5e000 	/System/Library/Frameworks/Carbon.framework/Versions/A/Frameworks/Help.framework/Versions/A/Help
0x0000000003a5e000 	/System/Library/Frameworks/Carbon.framework/Versions/A/Frameworks/ImageCapture.framework/Versions/A/ImageCapture
0x0000000003a5e000 	/System/Library/Frameworks/Carbon.framework/Versions/A/Frameworks/OpenScripting.framework/Versions/A/OpenScripting
0x0000000003a5e000 	/System/Library/Frameworks/Carbon.framework/Versions/A/Frameworks/Print.framework/Versions/A/Print
0x0000000003a5e000 	/System/Library/Frameworks/Carbon.framework/Versions/A/Frameworks/SecurityHI.framework/Versions/A/SecurityHI

VM Arguments:
jvm_args: -Djava.awt.headless=true -Xmx4g -Dfile.encoding=UTF-8 -Duser.country=US -Duser.language=en -Duser.variant 
java_command: com.android.dx.command.Main --dex --num-threads=4 --multi-dex --main-dex-list /Users/madhankumar/Development/Prakash/Workspace/IJBTLatest/app/build/intermediates/multi-dex/debug/maindexlist.txt --output /Users/madhankumar/Development/Prakash/Workspace/IJBTLatest/app/build/intermediates/transforms/dex/debug/folders/1000/1f/main /Users/madhankumar/Development/Prakash/Workspace/IJBTLatest/app/build/intermediates/transforms/jarMerging/debug/jars/1/1f/combined.jar
java_class_path (initial): /Users/madhankumar/Library/Android/sdk/build-tools/23.0.3/lib/dx.jar
Launcher Type: SUN_STANDARD

Environment Variables:
PATH=/usr/bin:/bin:/usr/sbin:/sbin
SHELL=/bin/bash

Signal Handlers:
SIGSEGV: [libjvm.dylib+0x57e9cd], sa_mask[0]=11111111011111110111111111111111, sa_flags=SA_ONSTACK|SA_RESTART|SA_SIGINFO
SIGBUS: [libjvm.dylib+0x57e9cd], sa_mask[0]=11111111011111110111111111111111, sa_flags=SA_RESTART|SA_SIGINFO
SIGFPE: [libjvm.dylib+0x45951c], sa_mask[0]=11111111011111110111111111111111, sa_flags=SA_RESTART|SA_SIGINFO
SIGPIPE: [libjvm.dylib+0x45951c], sa_mask[0]=11111111011111110111111111111111, sa_flags=SA_RESTART|SA_SIGINFO
SIGXFSZ: [libjvm.dylib+0x45951c], sa_mask[0]=11111111011111110111111111111111, sa_flags=SA_RESTART|SA_SIGINFO
SIGILL: [libjvm.dylib+0x45951c], sa_mask[0]=11111111011111110111111111111111, sa_flags=SA_RESTART|SA_SIGINFO
SIGUSR1: SIG_DFL, sa_mask[0]=00000000000000000000000000000000, sa_flags=none
SIGUSR2: [libjvm.dylib+0x45903a], sa_mask[0]=00100000000000000000000000000000, sa_flags=SA_RESTART|SA_SIGINFO
SIGHUP: [libjvm.dylib+0x457611], sa_mask[0]=11111111011111110111111111111111, sa_flags=SA_RESTART|SA_SIGINFO
SIGINT: [libjvm.dylib+0x457611], sa_mask[0]=11111111011111110111111111111111, sa_flags=SA_RESTART|SA_SIGINFO
SIGTERM: [libjvm.dylib+0x457611], sa_mask[0]=11111111011111110111111111111111, sa_flags=SA_RESTART|SA_SIGINFO
SIGQUIT: [libjvm.dylib+0x457611], sa_mask[0]=11111111011111110111111111111111, sa_flags=SA_RESTART|SA_SIGINFO


---------------  S Y S T E M  ---------------

OS:Bsduname:Darwin 14.5.0 Darwin Kernel Version 14.5.0: Sun Sep 25 22:07:15 PDT 2016; root:xnu-2782.50.9~1/RELEASE_X86_64 x86_64
rlimit: STACK 8192k, CORE 0k, NPROC 709, NOFILE 10240, AS infinity
load average:3.14 1.87 1.74

CPU:total 4 (2 cores per cpu, 2 threads per core) family 6 model 58 stepping 9, cmov, cx8, fxsr, mmx, sse, sse2, sse3, ssse3, sse4.1, sse4.2, popcnt, avx, aes, clmul, erms, ht, tsc, tscinvbit, tscinv

Memory: 4k page, physical 8388608k(28684k free)

/proc/meminfo:


vm_info: OpenJDK 64-Bit Server VM (25.112-b05) for bsd-amd64 JRE (1.8.0_112-release-b05), built on Sep 26 2016 14:04:06 by "builder" with gcc 4.2.1 (Based on Apple Inc. build 5658) (LLVM build 2336.11.00)

time: Wed Mar 15 17:51:57 2017
elapsed time: 10 seconds (0d 0h 0m 10s)

