#
# A fatal error has been detected by the Java Runtime Environment:
#
#  SIGSEGV (0xb) at pc=0x0000000101867b8f, pid=2289, tid=0x0000000000002303
#
# JRE version: OpenJDK Runtime Environment (8.0_112-b05) (build 1.8.0_112-release-b05)
# Java VM: OpenJDK 64-Bit Server VM (25.112-b05 mixed mode bsd-amd64 compressed oops)
# Problematic frame:
# V  [libjvm.dylib+0x467b8f]
#
# Failed to write core dump. Core dumps have been disabled. To enable core dumping, try "ulimit -c unlimited" before starting Java again
#
# If you would like to submit a bug report, please visit:
#   http://bugreport.java.com/bugreport/crash.jsp
#

---------------  T H R E A D  ---------------

Current thread (0x00007f9555000000):  GCTaskThread [stack: 0x0000000112122000,0x0000000112222000] [id=8963]

siginfo: si_signo: 11 (SIGSEGV), si_code: 1 (SEGV_MAPERR), si_addr: 0x0000000121458dd0

Registers:
RAX=0x000000011642a000, RBX=0x4848584848484848, RCX=0x0000000101c8b4ab, RDX=0x000000000b02edd0
RSP=0x0000000112221c30, RBP=0x0000000112221c40, RSI=0x0000080000000000, RDI=0x0000000101c8bed0
R8 =0x00000001129675d0, R9 =0x0000000101c86b76, R10=0x4848484848484848, R11=0x0000100000000000
R12=0x00000006d6f57414, R13=0x00000006d6f57424, R14=0x00000006d4f57501, R15=0x000000005578c000
RIP=0x0000000101867b8f, EFLAGS=0x0000000000010202, ERR=0x0000000000000004
  TRAPNO=0x000000000000000e

Top of Stack: (sp=0x0000000112221c30)
0x0000000112221c30:   00007f955340cc20 00000006d4f57560
0x0000000112221c40:   0000000112221c70 00000001016b50b5
0x0000000112221c50:   0000000112221cc0 00007f955340cc20
0x0000000112221c60:   00000007c0071748 00000007c0071750
0x0000000112221c70:   0000000112221cc0 00000001016b1bf1
0x0000000112221c80:   00007f955340cc20 00000006d6f573e8
0x0000000112221c90:   00000006c1a3e030 00007f955340cc20
0x0000000112221ca0:   00000006d6f573e8 0000000101be4d60
0x0000000112221cb0:   00007f955340cc28 0000000101be4d60
0x0000000112221cc0:   0000000112221d50 000000010188c8a4
0x0000000112221cd0:   0000000112221d00 00007f955340cc60
0x0000000112221ce0:   00007f955340cca8 00007f955340cce0
0x0000000112221cf0:   00000007c0056730 00000007c0056738
0x0000000112221d00:   00000006d6f573e8 00000001016b1bf1
0x0000000112221d10:   0000000112221d50 00000006c7bb9ce0
0x0000000112221d20:   0000000000000000 0000000000000001
0x0000000112221d30:   0000000112221d80 0000000101be4d60
0x0000000112221d40:   00007f955340cc20 0000000112221d6c
0x0000000112221d50:   0000000112221db0 000000010187f047
0x0000000112221d60:   00007f9555e370d0 62fe6d220166d6bf
0x0000000112221d70:   00000006c66fd958 0000000000000200
0x0000000112221d80:   00000006c7bb9ce0 00007f9555000000
0x0000000112221d90:   0000000000000000 00000001019d99fc
0x0000000112221da0:   00007f9555e370d0 0000000000000001
0x0000000112221db0:   0000000112221e90 000000010166dc37
0x0000000112221dc0:   0000000112221df0 00007f9553700d10
0x0000000112221dd0:   00007f9553700d40 00007f9553700d50
0x0000000112221de0:   00007f9553701128 00000000000003d8
0x0000000112221df0:   00007f9555000000 00007f9553701130
0x0000000112221e00:   00007f9553701170 00007f9553701180
0x0000000112221e10:   00007f9553701258 00000000000000d8
0x0000000112221e20:   0000000112221e30 0000000000000000 

Instructions: (pc=0x0000000101867b8f)
0x0000000101867b6f:   05 04 92 36 00 8a 08 48 d3 ea 88 d1 be 01 00 00
0x0000000101867b7f:   00 48 d3 e6 48 83 e2 c0 48 c1 ea 03 48 8b 47 60
0x0000000101867b8f:   48 8b 0c 10 48 01 c2 48 8d 3d eb 38 42 00 4c 8d
0x0000000101867b9f:   05 d2 ef 41 00 49 89 c9 49 09 f1 49 39 c9 74 28 

Register to memory mapping:

RAX=0x000000011642a000 is an unknown value
RBX=0x4848584848484848 is an unknown value
RCX=0x0000000101c8b4ab: _ZN2os11_page_sizesE+0xb in /Applications/Android Studio.app/Contents/jre/jdk/Contents/Home/jre/lib/server/libjvm.dylib at 0x0000000101400000
RDX=0x000000000b02edd0 is an unknown value
RSP=0x0000000112221c30 is an unknown value
RBP=0x0000000112221c40 is an unknown value
RSI=0x0000080000000000 is an unknown value
RDI=0x0000000101c8bed0: _ZN17PSParallelCompact12_mark_bitmapE+0 in /Applications/Android Studio.app/Contents/jre/jdk/Contents/Home/jre/lib/server/libjvm.dylib at 0x0000000101400000
R8 =0x00000001129675d0 is an unknown value
R9 =0x0000000101c86b76: AssumeMP+0 in /Applications/Android Studio.app/Contents/jre/jdk/Contents/Home/jre/lib/server/libjvm.dylib at 0x0000000101400000
R10=0x4848484848484848 is an unknown value
R11=0x0000100000000000 is an unknown value
R12=0x00000006d6f57414 is pointing into object: 0x00000006d6f573e8
com.android.dx.dex.file.ClassDataItem 
 - klass: 'com/android/dx/dex/file/ClassDataItem'
R13=0x00000006d6f57424 is pointing into object: 0x00000006d6f573e8
com.android.dx.dex.file.ClassDataItem 
 - klass: 'com/android/dx/dex/file/ClassDataItem'
R14=0x00000006d4f57501 is pointing into object: 0x00000006d4f574f0
java.util.TreeMap$Entry 
 - klass: 'java/util/TreeMap$Entry'
R15=0x000000005578c000 is an unknown value


Stack: [0x0000000112122000,0x0000000112222000],  sp=0x0000000112221c30,  free space=1023k
Native frames: (J=compiled Java code, j=interpreted, Vv=VM code, C=native code)
V  [libjvm.dylib+0x467b8f]
V  [libjvm.dylib+0x2b50b5]
V  [libjvm.dylib+0x2b1bf1]
V  [libjvm.dylib+0x48c8a4]
V  [libjvm.dylib+0x47f047]
V  [libjvm.dylib+0x26dc37]
V  [libjvm.dylib+0x45bf0a]
C  [libsystem_pthread.dylib+0x405a]  _pthread_body+0x83
C  [libsystem_pthread.dylib+0x3fd7]  _pthread_body+0x0
C  [libsystem_pthread.dylib+0x13ed]  thread_start+0xd


---------------  P R O C E S S  ---------------

Java Threads: ( => current thread )
  0x00007f9554091000 JavaThread "pool-2-thread-4" [_thread_blocked, id=21251, stack(0x000000011f494000,0x000000011f594000)]
  0x00007f9554298000 JavaThread "pool-2-thread-3" [_thread_blocked, id=20739, stack(0x000000011f391000,0x000000011f491000)]
  0x00007f95540a6800 JavaThread "pool-2-thread-2" [_thread_blocked, id=20227, stack(0x000000011f28e000,0x000000011f38e000)]
  0x00007f95540a5800 JavaThread "pool-3-thread-1" [_thread_blocked, id=19715, stack(0x000000011f18b000,0x000000011f28b000)]
  0x00007f95540a5000 JavaThread "pool-2-thread-1" [_thread_blocked, id=19203, stack(0x000000011f088000,0x000000011f188000)]
  0x00007f955380c000 JavaThread "Service Thread" daemon [_thread_blocked, id=18179, stack(0x000000011e775000,0x000000011e875000)]
  0x00007f9554030800 JavaThread "C1 CompilerThread2" daemon [_thread_blocked, id=17667, stack(0x000000011e672000,0x000000011e772000)]
  0x00007f955402f800 JavaThread "C2 CompilerThread1" daemon [_thread_blocked, id=17155, stack(0x000000011e56f000,0x000000011e66f000)]
  0x00007f955402e000 JavaThread "C2 CompilerThread0" daemon [_thread_blocked, id=16643, stack(0x000000011e46c000,0x000000011e56c000)]
  0x00007f955403d000 JavaThread "Signal Dispatcher" daemon [_thread_blocked, id=13335, stack(0x000000011e369000,0x000000011e469000)]
  0x00007f9554014000 JavaThread "Finalizer" daemon [_thread_blocked, id=11523, stack(0x000000011c945000,0x000000011ca45000)]
  0x00007f9554834800 JavaThread "Reference Handler" daemon [_thread_blocked, id=11011, stack(0x000000011c842000,0x000000011c942000)]
  0x00007f9554801800 JavaThread "main" [_thread_blocked, id=4867, stack(0x0000000100ab4000,0x0000000100bb4000)]

Other Threads:
  0x00007f9554830000 VMThread [stack: 0x000000011c73f000,0x000000011c83f000] [id=10499]
  0x00007f9553810800 WatcherThread [stack: 0x000000011e878000,0x000000011e978000] [id=18691]

=>0x00007f9555000000 (exited) GCTaskThread [stack: 0x0000000112122000,0x0000000112222000] [id=8963]

VM state:at safepoint (normal execution)

VM Mutex/Monitor currently owned by a thread:  ([mutex/lock_event])
[0x00007f9553502d60] Threads_lock - owner thread: 0x00007f9554830000
[0x00007f9553503260] Heap_lock - owner thread: 0x00007f9554801800

Heap:
 PSYoungGen      total 906240K, used 113605K [0x000000076ab00000, 0x00000007bcc80000, 0x00000007c0000000)
  eden space 711680K, 0% used [0x000000076ab00000,0x000000076ab00000,0x0000000796200000)
  from space 194560K, 58% used [0x0000000796200000,0x000000079d0f1668,0x00000007a2000000)
  to   space 198144K, 0% used [0x00000007b0b00000,0x00000007b0b00000,0x00000007bcc80000)
 ParOldGen       total 528384K, used 437313K [0x00000006c0000000, 0x00000006e0400000, 0x000000076ab00000)
  object space 528384K, 82% used [0x00000006c0000000,0x00000006dab105c8,0x00000006e0400000)
 Metaspace       used 6629K, capacity 7284K, committed 7552K, reserved 1056768K
  class space    used 604K, capacity 620K, committed 640K, reserved 1048576K

Card table byte_map: [0x00000001112c7000,0x0000000111ac8000] byte_map_base: 0x000000010dcc7000

Marking Bits: (ParMarkBitMap*) 0x0000000101c8bed0
 Begin Bits: [0x000000011242a000, 0x000000011642a000)
 End Bits:   [0x000000011642a000, 0x000000011a42a000)

Polling page: 0x0000000100bf8000

CodeCache: size=245760Kb used=11683Kb max_used=11683Kb free=234077Kb
 bounds [0x0000000101f07000, 0x0000000102a87000, 0x0000000110f07000]
 total_blobs=2776 nmethods=2507 adapters=183
 compilation: enabled

Compilation events (10 events):
Event: 23.890 Thread 0x00007f9554030800 2821 %     3       com.android.dx.dex.cf.AttributeTranslator::translateInnerClasses @ 303 (356 bytes)
Event: 23.897 Thread 0x00007f9554030800 nmethod 2821% 0x0000000102a7ab10 code [0x0000000102a7b140, 0x0000000102a7f718]
Event: 24.139 Thread 0x00007f9554030800 2823       2       com.android.dx.cf.code.BytecodeArray$ConstantParserVisitor::visitLocal (5 bytes)
Event: 24.139 Thread 0x00007f9554030800 nmethod 2823 0x0000000102015350 code [0x00000001020154a0, 0x00000001020155f0]
Event: 24.149 Thread 0x00007f9554030800 2824       2       java.util.concurrent.TimeUnit::x (27 bytes)
Event: 24.149 Thread 0x00007f9554030800 nmethod 2824 0x0000000102036b50 code [0x0000000102036ca0, 0x0000000102036e10]
Event: 24.151 Thread 0x00007f9554030800 2825       2       java.util.concurrent.TimeUnit$4::toMillis (11 bytes)
Event: 24.152 Thread 0x00007f9554030800 nmethod 2825 0x000000010205cfd0 code [0x000000010205d120, 0x000000010205d2d0]
Event: 24.157 Thread 0x00007f9554030800 2828       2       java.nio.file.attribute.FileTime::toMillis (98 bytes)
Event: 24.157 Thread 0x00007f9554030800 nmethod 2828 0x0000000102a13a90 code [0x0000000102a13c20, 0x0000000102a13f88]

GC Heap History (10 events):
Event: 15.172 GC heap after
Heap after GC invocations=14 (full 2):
 PSYoungGen      total 653824K, used 92935K [0x000000076ab00000, 0x00000007a1400000, 0x00000007c0000000)
  eden space 532992K, 0% used [0x000000076ab00000,0x000000076ab00000,0x000000078b380000)
  from space 120832K, 76% used [0x0000000793400000,0x0000000798ec1c70,0x000000079aa00000)
  to   space 131584K, 0% used [0x000000078b380000,0x000000078b380000,0x0000000793400000)
 ParOldGen       total 339456K, used 194456K [0x00000006c0000000, 0x00000006d4b80000, 0x000000076ab00000)
  object space 339456K, 57% used [0x00000006c0000000,0x00000006cbde6098,0x00000006d4b80000)
 Metaspace       used 6618K, capacity 7284K, committed 7552K, reserved 1056768K
  class space    used 604K, capacity 620K, committed 640K, reserved 1048576K
}
Event: 16.944 GC heap before
{Heap before GC invocations=15 (full 2):
 PSYoungGen      total 653824K, used 625927K [0x000000076ab00000, 0x00000007a1400000, 0x00000007c0000000)
  eden space 532992K, 100% used [0x000000076ab00000,0x000000078b380000,0x000000078b380000)
  from space 120832K, 76% used [0x0000000793400000,0x0000000798ec1c70,0x000000079aa00000)
  to   space 131584K, 0% used [0x000000078b380000,0x000000078b380000,0x0000000793400000)
 ParOldGen       total 339456K, used 194456K [0x00000006c0000000, 0x00000006d4b80000, 0x000000076ab00000)
  object space 339456K, 57% used [0x00000006c0000000,0x00000006cbde6098,0x00000006d4b80000)
 Metaspace       used 6624K, capacity 7284K, committed 7552K, reserved 1056768K
  class space    used 604K, capacity 620K, committed 640K, reserved 1048576K
Event: 17.281 GC heap after
Heap after GC invocations=15 (full 2):
 PSYoungGen      total 664576K, used 131554K [0x000000076ab00000, 0x00000007ac800000, 0x00000007c0000000)
  eden space 532992K, 0% used [0x000000076ab00000,0x000000076ab00000,0x000000078b380000)
  from space 131584K, 99% used [0x000000078b380000,0x00000007933f8930,0x0000000793400000)
  to   space 172032K, 0% used [0x00000007a2000000,0x00000007a2000000,0x00000007ac800000)
 ParOldGen       total 339456K, used 242851K [0x00000006c0000000, 0x00000006d4b80000, 0x000000076ab00000)
  object space 339456K, 71% used [0x00000006c0000000,0x00000006ced28e08,0x00000006d4b80000)
 Metaspace       used 6624K, capacity 7284K, committed 7552K, reserved 1056768K
  class space    used 604K, capacity 620K, committed 640K, reserved 1048576K
}
Event: 19.077 GC heap before
{Heap before GC invocations=16 (full 2):
 PSYoungGen      total 664576K, used 664546K [0x000000076ab00000, 0x00000007ac800000, 0x00000007c0000000)
  eden space 532992K, 100% used [0x000000076ab00000,0x000000078b380000,0x000000078b380000)
  from space 131584K, 99% used [0x000000078b380000,0x00000007933f8930,0x0000000793400000)
  to   space 172032K, 0% used [0x00000007a2000000,0x00000007a2000000,0x00000007ac800000)
 ParOldGen       total 339456K, used 242851K [0x00000006c0000000, 0x00000006d4b80000, 0x000000076ab00000)
  object space 339456K, 71% used [0x00000006c0000000,0x00000006ced28e08,0x00000006d4b80000)
 Metaspace       used 6627K, capacity 7284K, committed 7552K, reserved 1056768K
  class space    used 604K, capacity 620K, committed 640K, reserved 1048576K
Event: 19.735 GC heap after
Heap after GC invocations=16 (full 2):
 PSYoungGen      total 883712K, used 152550K [0x000000076ab00000, 0x00000007af400000, 0x00000007c0000000)
  eden space 711680K, 0% used [0x000000076ab00000,0x000000076ab00000,0x0000000796200000)
  from space 172032K, 88% used [0x00000007a2000000,0x00000007ab4f99f0,0x00000007ac800000)
  to   space 194560K, 0% used [0x0000000796200000,0x0000000796200000,0x00000007a2000000)
 ParOldGen       total 339456K, used 301734K [0x00000006c0000000, 0x00000006d4b80000, 0x000000076ab00000)
  object space 339456K, 88% used [0x00000006c0000000,0x00000006d26a9b30,0x00000006d4b80000)
 Metaspace       used 6627K, capacity 7284K, committed 7552K, reserved 1056768K
  class space    used 604K, capacity 620K, committed 640K, reserved 1048576K
}
Event: 19.735 GC heap before
{Heap before GC invocations=17 (full 3):
 PSYoungGen      total 883712K, used 152550K [0x000000076ab00000, 0x00000007af400000, 0x00000007c0000000)
  eden space 711680K, 0% used [0x000000076ab00000,0x000000076ab00000,0x0000000796200000)
  from space 172032K, 88% used [0x00000007a2000000,0x00000007ab4f99f0,0x00000007ac800000)
  to   space 194560K, 0% used [0x0000000796200000,0x0000000796200000,0x00000007a2000000)
 ParOldGen       total 339456K, used 301734K [0x00000006c0000000, 0x00000006d4b80000, 0x000000076ab00000)
  object space 339456K, 88% used [0x00000006c0000000,0x00000006d26a9b30,0x00000006d4b80000)
 Metaspace       used 6627K, capacity 7284K, committed 7552K, reserved 1056768K
  class space    used 604K, capacity 620K, committed 640K, reserved 1048576K
Event: 21.964 GC heap after
Heap after GC invocations=17 (full 3):
 PSYoungGen      total 883712K, used 99972K [0x000000076ab00000, 0x00000007af400000, 0x00000007c0000000)
  eden space 711680K, 0% used [0x000000076ab00000,0x000000076ab00000,0x0000000796200000)
  from space 172032K, 58% used [0x00000007a2000000,0x00000007a81a11b0,0x00000007ac800000)
  to   space 194560K, 0% used [0x0000000796200000,0x0000000796200000,0x00000007a2000000)
 ParOldGen       total 528384K, used 339223K [0x00000006c0000000, 0x00000006e0400000, 0x000000076ab00000)
  object space 528384K, 64% used [0x00000006c0000000,0x00000006d4b45fb0,0x00000006e0400000)
 Metaspace       used 6627K, capacity 7284K, committed 7552K, reserved 1056768K
  class space    used 604K, capacity 620K, committed 640K, reserved 1048576K
}
Event: 24.218 GC heap before
{Heap before GC invocations=18 (full 3):
 PSYoungGen      total 883712K, used 811652K [0x000000076ab00000, 0x00000007af400000, 0x00000007c0000000)
  eden space 711680K, 100% used [0x000000076ab00000,0x0000000796200000,0x0000000796200000)
  from space 172032K, 58% used [0x00000007a2000000,0x00000007a81a11b0,0x00000007ac800000)
  to   space 194560K, 0% used [0x0000000796200000,0x0000000796200000,0x00000007a2000000)
 ParOldGen       total 528384K, used 339223K [0x00000006c0000000, 0x00000006e0400000, 0x000000076ab00000)
  object space 528384K, 64% used [0x00000006c0000000,0x00000006d4b45fb0,0x00000006e0400000)
 Metaspace       used 6629K, capacity 7284K, committed 7552K, reserved 1056768K
  class space    used 604K, capacity 620K, committed 640K, reserved 1048576K
Event: 24.877 GC heap after
Heap after GC invocations=18 (full 3):
 PSYoungGen      total 906240K, used 113605K [0x000000076ab00000, 0x00000007bcc80000, 0x00000007c0000000)
  eden space 711680K, 0% used [0x000000076ab00000,0x000000076ab00000,0x0000000796200000)
  from space 194560K, 58% used [0x0000000796200000,0x000000079d0f1668,0x00000007a2000000)
  to   space 198144K, 0% used [0x00000007b0b00000,0x00000007b0b00000,0x00000007bcc80000)
 ParOldGen       total 528384K, used 437313K [0x00000006c0000000, 0x00000006e0400000, 0x000000076ab00000)
  object space 528384K, 82% used [0x00000006c0000000,0x00000006dab105c8,0x00000006e0400000)
 Metaspace       used 6629K, capacity 7284K, committed 7552K, reserved 1056768K
  class space    used 604K, capacity 620K, committed 640K, reserved 1048576K
}
Event: 24.877 GC heap before
{Heap before GC invocations=19 (full 4):
 PSYoungGen      total 906240K, used 113605K [0x000000076ab00000, 0x00000007bcc80000, 0x00000007c0000000)
  eden space 711680K, 0% used [0x000000076ab00000,0x000000076ab00000,0x0000000796200000)
  from space 194560K, 58% used [0x0000000796200000,0x000000079d0f1668,0x00000007a2000000)
  to   space 198144K, 0% used [0x00000007b0b00000,0x00000007b0b00000,0x00000007bcc80000)
 ParOldGen       total 528384K, used 437313K [0x00000006c0000000, 0x00000006e0400000, 0x000000076ab00000)
  object space 528384K, 82% used [0x00000006c0000000,0x00000006dab105c8,0x00000006e0400000)
 Metaspace       used 6629K, capacity 7284K, committed 7552K, reserved 1056768K
  class space    used 604K, capacity 620K, committed 640K, reserved 1048576K

Deoptimization events (10 events):
Event: 15.201 Thread 0x00007f95540a6800 Uncommon trap: reason=unstable_if action=reinterpret pc=0x000000010298e91c method=com.android.dx.rop.code.RegisterSpecSet.localItemToSpec(Lcom/android/dx/rop/code/LocalItem;)Lcom/android/dx/rop/code/RegisterSpec; @ 35
Event: 15.606 Thread 0x00007f9554801800 Uncommon trap: reason=unstable_if action=reinterpret pc=0x00000001028e826c method=com.android.dx.cf.code.Merger.isPossiblyAssignableFrom(Lcom/android/dx/rop/type/TypeBearer;Lcom/android/dx/rop/type/TypeBearer;)Z @ 131
Event: 16.195 Thread 0x00007f9554298000 Uncommon trap: reason=unstable_if action=reinterpret pc=0x000000010299f190 method=com.android.dx.ssa.InterferenceRegisterMapper.interferes(III)Z @ 69
Event: 16.369 Thread 0x00007f95540a5000 Uncommon trap: reason=unstable_if action=reinterpret pc=0x000000010297929c method=com.android.dx.rop.code.BasicBlockList.preferredSuccessorOf(Lcom/android/dx/rop/code/BasicBlock;)Lcom/android/dx/rop/code/BasicBlock; @ 58
Event: 16.554 Thread 0x00007f9554091000 Uncommon trap: reason=unstable_if action=reinterpret pc=0x00000001029abc28 method=com.android.dx.ssa.DeadCodeRemover.pruneDeadInstructions()V @ 49
Event: 16.554 Thread 0x00007f9554091000 Uncommon trap: reason=unstable_if action=reinterpret pc=0x0000000102926930 method=com.android.dx.ssa.PhiInsn.getSources()Lcom/android/dx/rop/code/RegisterSpecList; @ 19
Event: 17.292 Thread 0x00007f95540a6800 Uncommon trap: reason=unstable_if action=reinterpret pc=0x00000001029f3c3c method=com.android.dx.ssa.SsaMethod.blockIndexToRopLabel(I)I @ 1
Event: 18.482 Thread 0x00007f9554298000 Uncommon trap: reason=unstable_if action=reinterpret pc=0x0000000102a0899c method=com.android.dx.dex.code.RopTranslator.outputBlock(Lcom/android/dx/rop/code/BasicBlock;I)V @ 140
Event: 18.713 Thread 0x00007f95540a5000 Uncommon trap: reason=unstable_if action=reinterpret pc=0x0000000102a27e48 method=com.android.dx.rop.code.LocalVariableInfo.mergeStarts(ILcom/android/dx/rop/code/RegisterSpecSet;)Z @ 31
Event: 23.242 Thread 0x00007f9554298000 Uncommon trap: reason=unstable_if action=reinterpret pc=0x000000010206bde4 method=com.android.dx.cf.code.ByteCatchList.typeNotFound(Lcom/android/dx/cf/code/ByteCatchList$Item;[Lcom/android/dx/cf/code/ByteCatchList$Item;I)Z @ 34

Internal exceptions (10 events):
Event: 0.105 Thread 0x00007f9554801800 Exception <a 'java/security/PrivilegedActionException'> (0x000000076aba41f0) thrown at [/Volumes/Android_AOSP/AOSP-openjdk/external/jetbrains/jdk/hotspot/src/share/vm/prims/jvm.cpp, line 1390]
Event: 0.105 Thread 0x00007f9554801800 Exception <a 'java/security/PrivilegedActionException'> (0x000000076aba4400) thrown at [/Volumes/Android_AOSP/AOSP-openjdk/external/jetbrains/jdk/hotspot/src/share/vm/prims/jvm.cpp, line 1390]
Event: 0.108 Thread 0x00007f9554801800 Exception <a 'java/util/zip/ZipException'> (0x000000076ac5c4a8) thrown at [/Volumes/Android_AOSP/AOSP-openjdk/external/jetbrains/jdk/hotspot/src/share/vm/prims/jni.cpp, line 709]
Event: 0.108 Thread 0x00007f9554801800 Exception <a 'java/security/PrivilegedActionException'> (0x000000076ac5c6b0) thrown at [/Volumes/Android_AOSP/AOSP-openjdk/external/jetbrains/jdk/hotspot/src/share/vm/prims/jvm.cpp, line 1390]
Event: 0.108 Thread 0x00007f9554801800 Exception <a 'java/security/PrivilegedActionException'> (0x000000076ac5c8c0) thrown at [/Volumes/Android_AOSP/AOSP-openjdk/external/jetbrains/jdk/hotspot/src/share/vm/prims/jvm.cpp, line 1390]
Event: 1.486 Thread 0x00007f95540a5000 Implicit null exception at 0x000000010226e237 to 0x0000000102270b71
Event: 1.535 Thread 0x00007f9554091000 Implicit null exception at 0x0000000102290978 to 0x0000000102293589
Event: 1.840 Thread 0x00007f95540a5000 Exception <a 'java/lang/ArrayIndexOutOfBoundsException': 18> (0x000000076da4f228) thrown at [/Volumes/Android_AOSP/AOSP-openjdk/external/jetbrains/jdk/hotspot/src/share/vm/interpreter/interpreterRuntime.cpp, line 366]
Event: 1.841 Thread 0x00007f95540a5000 Exception <a 'java/lang/ArrayIndexOutOfBoundsException': 145> (0x000000076da50da8) thrown at [/Volumes/Android_AOSP/AOSP-openjdk/external/jetbrains/jdk/hotspot/src/share/vm/interpreter/interpreterRuntime.cpp, line 366]
Event: 1.841 Thread 0x00007f95540a5000 Exception <a 'java/lang/ArrayIndexOutOfBoundsException': 40> (0x000000076da52090) thrown at [/Volumes/Android_AOSP/AOSP-openjdk/external/jetbrains/jdk/hotspot/src/share/vm/interpreter/interpreterRuntime.cpp, line 366]

Events (10 events):
Event: 22.147 Thread 0x00007f9554030800 flushing nmethod 0x0000000102073110
Event: 22.147 Thread 0x00007f9554030800 flushing nmethod 0x0000000102074290
Event: 22.147 Thread 0x00007f9554030800 flushing nmethod 0x0000000102077e50
Event: 22.147 Thread 0x00007f9554030800 flushing nmethod 0x0000000102079350
Event: 22.147 Thread 0x00007f9554030800 flushing nmethod 0x000000010207c0d0
Event: 22.147 Thread 0x00007f9554030800 flushing nmethod 0x000000010207ee90
Event: 23.242 Thread 0x00007f9554298000 Uncommon trap: trap_request=0xffffff65 fr.pc=0x000000010206bde4
Event: 23.242 Thread 0x00007f9554298000 DEOPT PACKING pc=0x000000010206bde4 sp=0x000000011f48fa50
Event: 23.242 Thread 0x00007f9554298000 DEOPT UNPACKING pc=0x0000000101f0bf69 sp=0x000000011f48f988 mode 2
Event: 24.218 Executing VM operation: ParallelGCFailedAllocation


Dynamic libraries:
0x000000000d287000 	/System/Library/Frameworks/Cocoa.framework/Versions/A/Cocoa
0x000000000d287000 	/System/Library/Frameworks/Security.framework/Versions/A/Security
0x000000000d287000 	/System/Library/Frameworks/ApplicationServices.framework/Versions/A/ApplicationServices
0x000000000d287000 	/usr/lib/libz.1.dylib
0x000000000d287000 	/usr/lib/libSystem.B.dylib
0x000000000d287000 	/usr/lib/libobjc.A.dylib
0x000000000d287000 	/System/Library/Frameworks/Foundation.framework/Versions/C/Foundation
0x000000000d287000 	/System/Library/Frameworks/CoreFoundation.framework/Versions/A/CoreFoundation
0x000000000d287000 	/System/Library/Frameworks/AppKit.framework/Versions/C/AppKit
0x000000000d287000 	/System/Library/Frameworks/CoreData.framework/Versions/A/CoreData
0x000000000d287000 	/System/Library/PrivateFrameworks/RemoteViewServices.framework/Versions/A/RemoteViewServices
0x000000000d287000 	/System/Library/PrivateFrameworks/UIFoundation.framework/Versions/A/UIFoundation
0x000000000d287000 	/System/Library/Frameworks/IOSurface.framework/Versions/A/IOSurface
0x000000000d287000 	/System/Library/Frameworks/AudioToolbox.framework/Versions/A/AudioToolbox
0x000000000d287000 	/System/Library/Frameworks/AudioUnit.framework/Versions/A/AudioUnit
0x000000000d287000 	/System/Library/PrivateFrameworks/DataDetectorsCore.framework/Versions/A/DataDetectorsCore
0x000000000d287000 	/System/Library/PrivateFrameworks/DesktopServicesPriv.framework/Versions/A/DesktopServicesPriv
0x000000000d287000 	/System/Library/Frameworks/Carbon.framework/Versions/A/Frameworks/HIToolbox.framework/Versions/A/HIToolbox
0x000000000d287000 	/System/Library/Frameworks/QuartzCore.framework/Versions/A/QuartzCore
0x000000000d287000 	/System/Library/Frameworks/Carbon.framework/Versions/A/Frameworks/SpeechRecognition.framework/Versions/A/SpeechRecognition
0x000000000d287000 	/usr/lib/libauto.dylib
0x000000000d287000 	/usr/lib/libicucore.A.dylib
0x000000000d287000 	/usr/lib/libxml2.2.dylib
0x000000000d287000 	/System/Library/PrivateFrameworks/CoreUI.framework/Versions/A/CoreUI
0x000000000d287000 	/System/Library/Frameworks/CoreAudio.framework/Versions/A/CoreAudio
0x000000000d287000 	/System/Library/Frameworks/DiskArbitration.framework/Versions/A/DiskArbitration
0x000000000d287000 	/usr/lib/liblangid.dylib
0x000000000d287000 	/System/Library/PrivateFrameworks/MultitouchSupport.framework/Versions/A/MultitouchSupport
0x000000000d287000 	/System/Library/Frameworks/IOKit.framework/Versions/A/IOKit
0x000000000d287000 	/usr/lib/libDiagnosticMessagesClient.dylib
0x000000000d287000 	/System/Library/Frameworks/CoreServices.framework/Versions/A/CoreServices
0x000000000d287000 	/System/Library/PrivateFrameworks/PerformanceAnalysis.framework/Versions/A/PerformanceAnalysis
0x000000000d287000 	/System/Library/PrivateFrameworks/GenerationalStorage.framework/Versions/A/GenerationalStorage
0x000000000d287000 	/System/Library/Frameworks/OpenGL.framework/Versions/A/OpenGL
0x000000000d287000 	/System/Library/PrivateFrameworks/Sharing.framework/Versions/A/Sharing
0x000000000d287000 	/System/Library/Frameworks/CoreGraphics.framework/Versions/A/CoreGraphics
0x000000000d287000 	/System/Library/Frameworks/CoreText.framework/Versions/A/CoreText
0x000000000d287000 	/System/Library/Frameworks/ImageIO.framework/Versions/A/ImageIO
0x000000000d287000 	/usr/lib/libextension.dylib
0x000000000d287000 	/System/Library/PrivateFrameworks/Backup.framework/Versions/A/Backup
0x000000000d287000 	/usr/lib/libarchive.2.dylib
0x000000000d287000 	/System/Library/Frameworks/CFNetwork.framework/Versions/A/CFNetwork
0x000000000d287000 	/System/Library/Frameworks/SystemConfiguration.framework/Versions/A/SystemConfiguration
0x000000000d287000 	/usr/lib/libCRFSuite.dylib
0x000000000d287000 	/usr/lib/libc++.1.dylib
0x000000000d287000 	/usr/lib/libc++abi.dylib
0x000000000d287000 	/usr/lib/system/libcache.dylib
0x000000000d287000 	/usr/lib/system/libcommonCrypto.dylib
0x000000000d287000 	/usr/lib/system/libcompiler_rt.dylib
0x000000000d287000 	/usr/lib/system/libcopyfile.dylib
0x000000000d287000 	/usr/lib/system/libcorecrypto.dylib
0x000000000d287000 	/usr/lib/system/libdispatch.dylib
0x000000000d287000 	/usr/lib/system/libdyld.dylib
0x000000000d287000 	/usr/lib/system/libkeymgr.dylib
0x000000000d287000 	/usr/lib/system/liblaunch.dylib
0x000000000d287000 	/usr/lib/system/libmacho.dylib
0x000000000d287000 	/usr/lib/system/libquarantine.dylib
0x000000000d287000 	/usr/lib/system/libremovefile.dylib
0x000000000d287000 	/usr/lib/system/libsystem_asl.dylib
0x000000000d287000 	/usr/lib/system/libsystem_blocks.dylib
0x000000000d287000 	/usr/lib/system/libsystem_c.dylib
0x000000000d287000 	/usr/lib/system/libsystem_configuration.dylib
0x000000000d287000 	/usr/lib/system/libsystem_coreservices.dylib
0x000000000d287000 	/usr/lib/system/libsystem_coretls.dylib
0x000000000d287000 	/usr/lib/system/libsystem_dnssd.dylib
0x000000000d287000 	/usr/lib/system/libsystem_info.dylib
0x000000000d287000 	/usr/lib/system/libsystem_kernel.dylib
0x000000000d287000 	/usr/lib/system/libsystem_m.dylib
0x000000000d287000 	/usr/lib/system/libsystem_malloc.dylib
0x000000000d287000 	/usr/lib/system/libsystem_network.dylib
0x000000000d287000 	/usr/lib/system/libsystem_networkextension.dylib
0x000000000d287000 	/usr/lib/system/libsystem_notify.dylib
0x000000000d287000 	/usr/lib/system/libsystem_platform.dylib
0x000000000d287000 	/usr/lib/system/libsystem_pthread.dylib
0x000000000d287000 	/usr/lib/system/libsystem_sandbox.dylib
0x000000000d287000 	/usr/lib/system/libsystem_secinit.dylib
0x000000000d287000 	/usr/lib/system/libsystem_stats.dylib
0x000000000d287000 	/usr/lib/system/libsystem_trace.dylib
0x000000000d287000 	/usr/lib/system/libunc.dylib
0x000000000d287000 	/usr/lib/system/libunwind.dylib
0x000000000d287000 	/usr/lib/system/libxpc.dylib
0x000000000d287000 	/usr/lib/libbz2.1.0.dylib
0x000000000d287000 	/usr/lib/liblzma.5.dylib
0x000000000d287000 	/usr/lib/libbsm.0.dylib
0x000000000d287000 	/usr/lib/libsqlite3.dylib
0x000000000d287000 	/usr/lib/system/libkxld.dylib
0x000000000d287000 	/usr/lib/libxar.1.dylib
0x000000000d287000 	/usr/lib/libpam.2.dylib
0x000000000d287000 	/usr/lib/libOpenScriptingUtil.dylib
0x000000000d287000 	/System/Library/Frameworks/CoreServices.framework/Versions/A/Frameworks/FSEvents.framework/Versions/A/FSEvents
0x000000000d287000 	/System/Library/Frameworks/CoreServices.framework/Versions/A/Frameworks/CarbonCore.framework/Versions/A/CarbonCore
0x000000000d287000 	/System/Library/Frameworks/CoreServices.framework/Versions/A/Frameworks/Metadata.framework/Versions/A/Metadata
0x000000000d287000 	/System/Library/Frameworks/CoreServices.framework/Versions/A/Frameworks/OSServices.framework/Versions/A/OSServices
0x000000000d287000 	/System/Library/Frameworks/CoreServices.framework/Versions/A/Frameworks/SearchKit.framework/Versions/A/SearchKit
0x000000000d287000 	/System/Library/Frameworks/CoreServices.framework/Versions/A/Frameworks/AE.framework/Versions/A/AE
0x000000000d287000 	/System/Library/Frameworks/CoreServices.framework/Versions/A/Frameworks/LaunchServices.framework/Versions/A/LaunchServices
0x000000000d287000 	/System/Library/Frameworks/CoreServices.framework/Versions/A/Frameworks/DictionaryServices.framework/Versions/A/DictionaryServices
0x000000000d287000 	/System/Library/Frameworks/NetFS.framework/Versions/A/NetFS
0x000000000d287000 	/System/Library/PrivateFrameworks/NetAuth.framework/Versions/A/NetAuth
0x000000000d287000 	/System/Library/PrivateFrameworks/login.framework/Versions/A/Frameworks/loginsupport.framework/Versions/A/loginsupport
0x000000000d287000 	/System/Library/PrivateFrameworks/TCC.framework/Versions/A/TCC
0x000000000d287000 	/usr/lib/libmecabra.dylib
0x000000000d287000 	/System/Library/Frameworks/ApplicationServices.framework/Versions/A/Frameworks/ATS.framework/Versions/A/ATS
0x000000000d287000 	/System/Library/Frameworks/ApplicationServices.framework/Versions/A/Frameworks/ColorSync.framework/Versions/A/ColorSync
0x000000000d287000 	/System/Library/Frameworks/ApplicationServices.framework/Versions/A/Frameworks/HIServices.framework/Versions/A/HIServices
0x000000000d287000 	/System/Library/Frameworks/ApplicationServices.framework/Versions/A/Frameworks/LangAnalysis.framework/Versions/A/LangAnalysis
0x000000000d287000 	/System/Library/Frameworks/ApplicationServices.framework/Versions/A/Frameworks/PrintCore.framework/Versions/A/PrintCore
0x000000000d287000 	/System/Library/Frameworks/ApplicationServices.framework/Versions/A/Frameworks/QD.framework/Versions/A/QD
0x000000000d287000 	/System/Library/Frameworks/ApplicationServices.framework/Versions/A/Frameworks/SpeechSynthesis.framework/Versions/A/SpeechSynthesis
0x000000000d287000 	/System/Library/Frameworks/Accelerate.framework/Versions/A/Accelerate
0x000000000d287000 	/System/Library/Frameworks/Accelerate.framework/Versions/A/Frameworks/vImage.framework/Versions/A/vImage
0x000000000d287000 	/System/Library/Frameworks/Accelerate.framework/Versions/A/Frameworks/vecLib.framework/Versions/A/vecLib
0x000000000d287000 	/System/Library/Frameworks/Accelerate.framework/Versions/A/Frameworks/vecLib.framework/Versions/A/libvDSP.dylib
0x000000000d287000 	/System/Library/Frameworks/Accelerate.framework/Versions/A/Frameworks/vecLib.framework/Versions/A/libvMisc.dylib
0x000000000d287000 	/System/Library/Frameworks/Accelerate.framework/Versions/A/Frameworks/vecLib.framework/Versions/A/libLAPACK.dylib
0x000000000d287000 	/System/Library/Frameworks/Accelerate.framework/Versions/A/Frameworks/vecLib.framework/Versions/A/libBLAS.dylib
0x000000000d287000 	/System/Library/Frameworks/Accelerate.framework/Versions/A/Frameworks/vecLib.framework/Versions/A/libLinearAlgebra.dylib
0x000000000d287000 	/System/Library/Frameworks/ApplicationServices.framework/Versions/A/Frameworks/ATS.framework/Versions/A/Resources/libFontParser.dylib
0x000000000d287000 	/System/Library/Frameworks/ApplicationServices.framework/Versions/A/Frameworks/ATS.framework/Versions/A/Resources/libFontRegistry.dylib
0x000000000d287000 	/System/Library/PrivateFrameworks/AppleVPA.framework/Versions/A/AppleVPA
0x000000000d287000 	/System/Library/PrivateFrameworks/AppleJPEG.framework/Versions/A/AppleJPEG
0x000000000d287000 	/System/Library/Frameworks/ImageIO.framework/Versions/A/Resources/libJPEG.dylib
0x000000000d287000 	/System/Library/Frameworks/ImageIO.framework/Versions/A/Resources/libTIFF.dylib
0x000000000d287000 	/System/Library/Frameworks/ImageIO.framework/Versions/A/Resources/libPng.dylib
0x000000000d287000 	/System/Library/Frameworks/ImageIO.framework/Versions/A/Resources/libGIF.dylib
0x000000000d287000 	/System/Library/Frameworks/ImageIO.framework/Versions/A/Resources/libJP2.dylib
0x000000000d287000 	/System/Library/Frameworks/ImageIO.framework/Versions/A/Resources/libRadiance.dylib
0x000000000d287000 	/System/Library/Frameworks/CoreVideo.framework/Versions/A/CoreVideo
0x000000000d287000 	/System/Library/Frameworks/OpenGL.framework/Versions/A/Libraries/libGLU.dylib
0x000000000d287000 	/System/Library/Frameworks/OpenGL.framework/Versions/A/Libraries/libGFXShared.dylib
0x000000000d287000 	/System/Library/Frameworks/OpenGL.framework/Versions/A/Libraries/libGL.dylib
0x000000000d287000 	/System/Library/Frameworks/OpenGL.framework/Versions/A/Libraries/libGLImage.dylib
0x000000000d287000 	/System/Library/Frameworks/OpenGL.framework/Versions/A/Libraries/libCVMSPluginSupport.dylib
0x000000000d287000 	/System/Library/Frameworks/OpenGL.framework/Versions/A/Libraries/libCoreVMClient.dylib
0x000000000d287000 	/usr/lib/libcups.2.dylib
0x000000000d287000 	/System/Library/Frameworks/Kerberos.framework/Versions/A/Kerberos
0x000000000d287000 	/System/Library/Frameworks/GSS.framework/Versions/A/GSS
0x000000000d287000 	/usr/lib/libresolv.9.dylib
0x000000000d287000 	/usr/lib/libiconv.2.dylib
0x000000000d287000 	/System/Library/PrivateFrameworks/Heimdal.framework/Versions/A/Heimdal
0x000000000d287000 	/usr/lib/libheimdal-asn1.dylib
0x000000000d287000 	/System/Library/Frameworks/OpenDirectory.framework/Versions/A/OpenDirectory
0x000000000d287000 	/System/Library/PrivateFrameworks/CommonAuth.framework/Versions/A/CommonAuth
0x000000000d287000 	/System/Library/Frameworks/OpenDirectory.framework/Versions/A/Frameworks/CFOpenDirectory.framework/Versions/A/CFOpenDirectory
0x000000000d287000 	/System/Library/Frameworks/SecurityFoundation.framework/Versions/A/SecurityFoundation
0x000000000d287000 	/System/Library/PrivateFrameworks/LanguageModeling.framework/Versions/A/LanguageModeling
0x000000000d287000 	/usr/lib/libcmph.dylib
0x000000000d287000 	/System/Library/Frameworks/ServiceManagement.framework/Versions/A/ServiceManagement
0x000000000d287000 	/usr/lib/libxslt.1.dylib
0x000000000d287000 	/System/Library/Frameworks/Carbon.framework/Versions/A/Frameworks/Ink.framework/Versions/A/Ink
0x000000000d287000 	/System/Library/Frameworks/QuartzCore.framework/Versions/A/Frameworks/CoreImage.framework/Versions/A/CoreImage
0x000000000d287000 	/System/Library/PrivateFrameworks/CrashReporterSupport.framework/Versions/A/CrashReporterSupport
0x000000000d287000 	/System/Library/Frameworks/OpenCL.framework/Versions/A/OpenCL
0x000000000d287000 	/System/Library/PrivateFrameworks/FaceCore.framework/Versions/A/FaceCore
0x000000000d287000 	/System/Library/PrivateFrameworks/Ubiquity.framework/Versions/A/Ubiquity
0x000000000d287000 	/System/Library/PrivateFrameworks/IconServices.framework/Versions/A/IconServices
0x000000000d287000 	/System/Library/PrivateFrameworks/ChunkingLibrary.framework/Versions/A/ChunkingLibrary
0x000000000d287000 	/System/Library/PrivateFrameworks/Apple80211.framework/Versions/A/Apple80211
0x000000000d287000 	/System/Library/Frameworks/CoreWLAN.framework/Versions/A/CoreWLAN
0x000000000d287000 	/System/Library/Frameworks/IOBluetooth.framework/Versions/A/IOBluetooth
0x000000000d287000 	/System/Library/PrivateFrameworks/CoreWiFi.framework/Versions/A/CoreWiFi
0x000000000d287000 	/System/Library/Frameworks/CoreBluetooth.framework/Versions/A/CoreBluetooth
0x000000000d287000 	/System/Library/PrivateFrameworks/DebugSymbols.framework/Versions/A/DebugSymbols
0x000000000d287000 	/System/Library/PrivateFrameworks/CoreSymbolication.framework/Versions/A/CoreSymbolication
0x000000000d287000 	/System/Library/PrivateFrameworks/Symbolication.framework/Versions/A/Symbolication
0x000000000d287000 	/System/Library/PrivateFrameworks/SpeechRecognitionCore.framework/Versions/A/SpeechRecognitionCore
0x0000000101400000 	/Applications/Android Studio.app/Contents/jre/jdk/Contents/Home/jre/lib/server/libjvm.dylib
0x000000000d287000 	/usr/lib/libstdc++.6.dylib
0x0000000100bb6000 	/Applications/Android Studio.app/Contents/jre/jdk/Contents/Home/jre/lib/libverify.dylib
0x0000000100bc3000 	/Applications/Android Studio.app/Contents/jre/jdk/Contents/Home/jre/lib/libjava.dylib
0x0000000101efe000 	/Applications/Android Studio.app/Contents/jre/jdk/Contents/Home/jre/lib/libzip.dylib
0x000000011ca47000 	/System/Library/Frameworks/JavaVM.framework/Frameworks/JavaRuntimeSupport.framework/JavaRuntimeSupport
0x000000011ca62000 	/System/Library/Frameworks/JavaVM.framework/Versions/A/Frameworks/JavaNativeFoundation.framework/Versions/A/JavaNativeFoundation
0x000000011ca77000 	/System/Library/Frameworks/JavaVM.framework/Versions/A/JavaVM
0x000000000d287000 	/System/Library/Frameworks/Carbon.framework/Versions/A/Carbon
0x000000011ca84000 	/System/Library/PrivateFrameworks/JavaLaunching.framework/Versions/A/JavaLaunching
0x000000000d287000 	/System/Library/Frameworks/Carbon.framework/Versions/A/Frameworks/CommonPanels.framework/Versions/A/CommonPanels
0x000000000d287000 	/System/Library/Frameworks/Carbon.framework/Versions/A/Frameworks/Help.framework/Versions/A/Help
0x000000000d287000 	/System/Library/Frameworks/Carbon.framework/Versions/A/Frameworks/ImageCapture.framework/Versions/A/ImageCapture
0x000000000d287000 	/System/Library/Frameworks/Carbon.framework/Versions/A/Frameworks/OpenScripting.framework/Versions/A/OpenScripting
0x000000000d287000 	/System/Library/Frameworks/Carbon.framework/Versions/A/Frameworks/Print.framework/Versions/A/Print
0x000000000d287000 	/System/Library/Frameworks/Carbon.framework/Versions/A/Frameworks/SecurityHI.framework/Versions/A/SecurityHI

VM Arguments:
jvm_args: -Djava.awt.headless=true -Xmx4g -Dfile.encoding=UTF-8 -Duser.country=US -Duser.language=en -Duser.variant 
java_command: com.android.dx.command.Main --dex --num-threads=4 --multi-dex --main-dex-list /Users/madhankumar/Development/Prakash/Workspace/IJBTLatest/app/build/intermediates/multi-dex/debug/maindexlist.txt --output /Users/madhankumar/Development/Prakash/Workspace/IJBTLatest/app/build/intermediates/transforms/dex/debug/folders/1000/1f/main /Users/madhankumar/Development/Prakash/Workspace/IJBTLatest/app/build/intermediates/transforms/jarMerging/debug/jars/1/1f/combined.jar
java_class_path (initial): /Users/madhankumar/Library/Android/sdk/build-tools/23.0.3/lib/dx.jar
Launcher Type: SUN_STANDARD

Environment Variables:
PATH=/usr/bin:/bin:/usr/sbin:/sbin
SHELL=/bin/bash

Signal Handlers:
SIGSEGV: [libjvm.dylib+0x57e9cd], sa_mask[0]=11111111011111110111111111111111, sa_flags=SA_ONSTACK|SA_RESTART|SA_SIGINFO
SIGBUS: [libjvm.dylib+0x57e9cd], sa_mask[0]=11111111011111110111111111111111, sa_flags=SA_RESTART|SA_SIGINFO
SIGFPE: [libjvm.dylib+0x45951c], sa_mask[0]=11111111011111110111111111111111, sa_flags=SA_RESTART|SA_SIGINFO
SIGPIPE: [libjvm.dylib+0x45951c], sa_mask[0]=11111111011111110111111111111111, sa_flags=SA_RESTART|SA_SIGINFO
SIGXFSZ: [libjvm.dylib+0x45951c], sa_mask[0]=11111111011111110111111111111111, sa_flags=SA_RESTART|SA_SIGINFO
SIGILL: [libjvm.dylib+0x45951c], sa_mask[0]=11111111011111110111111111111111, sa_flags=SA_RESTART|SA_SIGINFO
SIGUSR1: SIG_DFL, sa_mask[0]=00000000000000000000000000000000, sa_flags=none
SIGUSR2: [libjvm.dylib+0x45903a], sa_mask[0]=00100000000000000000000000000000, sa_flags=SA_RESTART|SA_SIGINFO
SIGHUP: [libjvm.dylib+0x457611], sa_mask[0]=11111111011111110111111111111111, sa_flags=SA_RESTART|SA_SIGINFO
SIGINT: [libjvm.dylib+0x457611], sa_mask[0]=11111111011111110111111111111111, sa_flags=SA_RESTART|SA_SIGINFO
SIGTERM: [libjvm.dylib+0x457611], sa_mask[0]=11111111011111110111111111111111, sa_flags=SA_RESTART|SA_SIGINFO
SIGQUIT: [libjvm.dylib+0x457611], sa_mask[0]=11111111011111110111111111111111, sa_flags=SA_RESTART|SA_SIGINFO


---------------  S Y S T E M  ---------------

OS:Bsduname:Darwin 14.5.0 Darwin Kernel Version 14.5.0: Sun Sep 25 22:07:15 PDT 2016; root:xnu-2782.50.9~1/RELEASE_X86_64 x86_64
rlimit: STACK 8192k, CORE 0k, NPROC 709, NOFILE 10240, AS infinity
load average:4.66 2.93 2.40

CPU:total 4 (2 cores per cpu, 2 threads per core) family 6 model 58 stepping 9, cmov, cx8, fxsr, mmx, sse, sse2, sse3, ssse3, sse4.1, sse4.2, popcnt, avx, aes, clmul, erms, ht, tsc, tscinvbit, tscinv

Memory: 4k page, physical 8388608k(15376k free)

/proc/meminfo:


vm_info: OpenJDK 64-Bit Server VM (25.112-b05) for bsd-amd64 JRE (1.8.0_112-release-b05), built on Sep 26 2016 14:04:06 by "builder" with gcc 4.2.1 (Based on Apple Inc. build 5658) (LLVM build 2336.11.00)

time: Thu Mar 30 19:34:22 2017
elapsed time: 25 seconds (0d 0h 0m 25s)

