#
# A fatal error has been detected by the Java Runtime Environment:
#
#  SIGSEGV (0xb) at pc=0x0000000106e98021, pid=1012, tid=0x0000000000002703
#
# JRE version: OpenJDK Runtime Environment (8.0_112-b05) (build 1.8.0_112-release-b05)
# Java VM: OpenJDK 64-Bit Server VM (25.112-b05 mixed mode bsd-amd64 compressed oops)
# Problematic frame:
# V  [libjvm.dylib+0x498021]
#
# Failed to write core dump. Core dumps have been disabled. To enable core dumping, try "ulimit -c unlimited" before starting Java again
#
# If you would like to submit a bug report, please visit:
#   http://bugreport.java.com/bugreport/crash.jsp
#

---------------  T H R E A D  ---------------

Current thread (0x00007f90ad001000):  GCTaskThread [stack: 0x0000000117920000,0x0000000117a20000] [id=9987]

siginfo: si_signo: 11 (SIGSEGV), si_code: 1 (SEGV_MAPERR), si_addr: 0x00000000f19f0c94

Registers:
RAX=0x00000000f19f0c94, RBX=0x00000000f19f0c94, RCX=0x0000000000000008, RDX=0x0000000800000007
RSP=0x0000000117a1fc80, RBP=0x0000000117a1fce0, RSI=0x000000078cf863e0, RDI=0x000000078cf86580
R8 =0x000000010728c250, R9 =0x00000006d66ea930, R10=0x00000006d66ec930, R11=0xffffffff36cda101
R12=0x0000000107286b76, R13=0x00000006d66ea9ad, R14=0x00007f90ab821540, R15=0x0000000000000000
RIP=0x0000000106e98021, EFLAGS=0x0000000000010202, ERR=0x0000000000000004
  TRAPNO=0x000000000000000e

Top of Stack: (sp=0x0000000117a1fc80)
0x0000000117a1fc80:   00000006d66c98ac 000000078cf863e0
0x0000000117a1fc90:   00000006d66c98b0 00000007c0056730
0x0000000117a1fca0:   00000006d66ea930 0000000000000400
0x0000000117a1fcb0:   00007f90ab821501 00000006d66ea9ad
0x0000000117a1fcc0:   0000000107286b76 00000006d66ea9ad
0x0000000117a1fcd0:   00000006d66ea9ac 00007f90ab8215d8
0x0000000117a1fce0:   0000000117a1fd00 0000000106e98523
0x0000000117a1fcf0:   00007f90ab821540 00007f90ab8215a0
0x0000000117a1fd00:   0000000117a1fd60 0000000106e974b4
0x0000000117a1fd10:   0000000117a1fd78 01000006c03dbc85
0x0000000117a1fd20:   00000006d66ea9ad 0000000117a1fd78
0x0000000117a1fd30:   00002a3400005fcf 0000000000000003
0x0000000117a1fd40:   0000000117a1fd84 0000000117a1fd78
0x0000000117a1fd50:   00007f90adeeef30 00007f90ab821540
0x0000000117a1fd60:   0000000117a1fdb0 0000000106e9b15b
0x0000000117a1fd70:   0000000000000003 00000006c03dbc85
0x0000000117a1fd80:   4ed688cc17a1fdb0 00007f90ad001000
0x0000000117a1fd90:   0000000000000000 0000000106fdb9b2
0x0000000117a1fda0:   00007f90adeeef30 0000000000000001
0x0000000117a1fdb0:   0000000117a1fe90 0000000106c6dc37
0x0000000117a1fdc0:   0000000117a1fdf0 00007f90ab701090
0x0000000117a1fdd0:   00007f90ab7010c0 00007f90ab7010d0
0x0000000117a1fde0:   00007f90ab7014a8 00000000000003d8
0x0000000117a1fdf0:   00007f90ad001000 00007f90ab7014b0
0x0000000117a1fe00:   00007f90ab7014f0 00007f90ab701500
0x0000000117a1fe10:   00007f90ab7015d8 00000000000000d8
0x0000000117a1fe20:   0000000117a1fe30 0000000000000000
0x0000000117a1fe30:   00007f90ad001000 00007f90ab7014b0
0x0000000117a1fe40:   00007f90ab7014f0 00007f90ab701500
0x0000000117a1fe50:   00007f90ab7015d8 00000000000000d8
0x0000000117a1fe60:   00007f90ab7016f0 00007f90ad001000
0x0000000117a1fe70:   0000000000018854 00000000000008ff 

Instructions: (pc=0x0000000106e98021)
0x0000000106e98001:   49 89 fe 48 8b 7d a8 e8 ef cf d0 ff f6 c3 01 4c
0x0000000106e98011:   63 f8 74 05 48 89 d8 eb 0a 48 89 d8 48 83 e0 fd
0x0000000106e98021:   48 8b 00 c1 e8 03 83 e0 0f 48 8d 0d df 41 3f 00
0x0000000106e98031:   3b 01 0f 83 ee 01 00 00 48 8d 05 e8 ef 3e 00 48 

Register to memory mapping:

RAX=0x00000000f19f0c94 is an unknown value
RBX=0x00000000f19f0c94 is an unknown value
RCX=0x0000000000000008 is an unknown value
RDX=0x0000000800000007 is an unknown value
RSP=0x0000000117a1fc80 is an unknown value
RBP=0x0000000117a1fce0 is an unknown value
RSI=0x000000078cf863e0 is an unknown value
RDI=0x000000078cf86580 is an oop
java.util.HashMap$Node 
 - klass: 'java/util/HashMap$Node'
R8 =0x000000010728c250: _ZN10PSScavenge26_young_generation_boundaryE+0 in /Applications/Android Studio.app/Contents/jre/jdk/Contents/Home/jre/lib/server/libjvm.dylib at 0x0000000106a00000
R9 =0x00000006d66ea930 is an oop
java.util.TreeMap$Entry 
 - klass: 'java/util/TreeMap$Entry'
R10=
[error occurred during error reporting (printing register info), id 0xb]

Stack: [0x0000000117920000,0x0000000117a20000],  sp=0x0000000117a1fc80,  free space=1023k
Native frames: (J=compiled Java code, j=interpreted, Vv=VM code, C=native code)
V  [libjvm.dylib+0x498021]
V  [libjvm.dylib+0x498523]
V  [libjvm.dylib+0x4974b4]
V  [libjvm.dylib+0x49b15b]
V  [libjvm.dylib+0x26dc37]
V  [libjvm.dylib+0x45bf0a]
C  [libsystem_pthread.dylib+0x405a]  _pthread_body+0x83
C  [libsystem_pthread.dylib+0x3fd7]  _pthread_body+0x0
C  [libsystem_pthread.dylib+0x13ed]  thread_start+0xd


---------------  P R O C E S S  ---------------

Java Threads: ( => current thread )
  0x00007f90ae0dd000 JavaThread "pool-1-thread-1" [_thread_blocked, id=19719, stack(0x00000001244fe000,0x00000001245fe000)]
  0x00007f90ac0a5000 JavaThread "Service Thread" daemon [_thread_blocked, id=18179, stack(0x0000000123d6f000,0x0000000123e6f000)]
  0x00007f90ab825000 JavaThread "C1 CompilerThread2" daemon [_thread_blocked, id=17667, stack(0x0000000123c6c000,0x0000000123d6c000)]
  0x00007f90ab822800 JavaThread "C2 CompilerThread1" daemon [_thread_in_native, id=17155, stack(0x0000000123b69000,0x0000000123c69000)]
  0x00007f90ac823000 JavaThread "C2 CompilerThread0" daemon [_thread_blocked, id=16643, stack(0x0000000123a66000,0x0000000123b66000)]
  0x00007f90ac056000 JavaThread "Signal Dispatcher" daemon [_thread_blocked, id=13331, stack(0x0000000123963000,0x0000000123a63000)]
  0x00007f90ac054000 JavaThread "Finalizer" daemon [_thread_blocked, id=11523, stack(0x0000000121f3d000,0x000000012203d000)]
  0x00007f90ac001000 JavaThread "Reference Handler" daemon [_thread_blocked, id=11011, stack(0x0000000121e3a000,0x0000000121f3a000)]
  0x00007f90ab812800 JavaThread "main" [_thread_blocked, id=4867, stack(0x00000001060ae000,0x00000001061ae000)]

Other Threads:
  0x00007f90ab822000 VMThread [stack: 0x0000000121d37000,0x0000000121e37000] [id=10499]
  0x00007f90ac029800 WatcherThread [stack: 0x0000000123e72000,0x0000000123f72000] [id=18691]

=>0x00007f90ad001000 (exited) GCTaskThread [stack: 0x0000000117920000,0x0000000117a20000] [id=9987]

VM state:at safepoint (normal execution)

VM Mutex/Monitor currently owned by a thread:  ([mutex/lock_event])
[0x00007f90ab520850] Threads_lock - owner thread: 0x00007f90ab822000
[0x00007f90ab520d50] Heap_lock - owner thread: 0x00007f90ae0dd000

Heap:
 PSYoungGen      total 843776K, used 780797K [0x000000076ab00000, 0x00000007adb00000, 0x00000007c0000000)
  eden space 631808K, 100% used [0x000000076ab00000,0x0000000791400000,0x0000000791400000)
  from space 211968K, 70% used [0x000000079f100000,0x00000007a827f760,0x00000007ac000000)
  to   space 226304K, 99% used [0x0000000791400000,0x000000079f0f8f58,0x000000079f100000)
 ParOldGen       total 519168K, used 375829K [0x00000006c0000000, 0x00000006dfb00000, 0x000000076ab00000)
  object space 519168K, 72% used [0x00000006c0000000,0x00000006d6f056a0,0x00000006dfb00000)
 Metaspace       used 6990K, capacity 7640K, committed 7936K, reserved 1056768K
  class space    used 622K, capacity 656K, committed 768K, reserved 1048576K

Card table byte_map: [0x00000001168bf000,0x00000001170c0000] byte_map_base: 0x00000001132bf000

Marking Bits: (ParMarkBitMap*) 0x000000010728bed0
 Begin Bits: [0x0000000117a22000, 0x000000011ba22000)
 End Bits:   [0x000000011ba22000, 0x000000011fa22000)

Polling page: 0x00000001061f2000

CodeCache: size=245760Kb used=13639Kb max_used=13639Kb free=232120Kb
 bounds [0x00000001074ff000, 0x000000010825f000, 0x00000001164ff000]
 total_blobs=3345 nmethods=3076 adapters=183
 compilation: enabled

Compilation events (10 events):
Event: 32.204 Thread 0x00007f90ab825000 3429       2       com.android.dx.util.ByteArrayAnnotatedOutput::<init> (54 bytes)
Event: 32.205 Thread 0x00007f90ab825000 nmethod 3429 0x0000000108242d90 code [0x0000000108242f00, 0x0000000108243148]
Event: 32.206 Thread 0x00007f90ab825000 3430       2       com.android.dx.dex.code.OutputFinisher::performExpansion (273 bytes)
Event: 32.209 Thread 0x00007f90ab825000 nmethod 3430 0x0000000108240490 code [0x0000000108240780, 0x0000000108241798]
Event: 32.222 Thread 0x00007f90ab825000 3431 %     3       com.android.dx.dex.code.OutputFinisher::performExpansion @ 31 (273 bytes)
Event: 32.227 Thread 0x00007f90ab825000 nmethod 3431% 0x000000010823a7d0 code [0x000000010823ac80, 0x000000010823e0f8]
Event: 32.416 Thread 0x00007f90ab825000 3433       2       com.android.dx.dex.file.TypeIdsSection::indexOf (66 bytes)
Event: 32.417 Thread 0x00007f90ab825000 nmethod 3433 0x00000001082399d0 code [0x0000000108239be0, 0x000000010823a2b8]
Event: 32.436 Thread 0x00007f90ab825000 3434       3       com.android.dx.dex.code.OutputFinisher::performExpansion (273 bytes)
Event: 32.440 Thread 0x00007f90ab825000 nmethod 3434 0x0000000108255350 code [0x0000000108255800, 0x0000000108258a78]

GC Heap History (10 events):
Event: 14.563 GC heap after
Heap after GC invocations=13 (full 2):
 PSYoungGen      total 561152K, used 105402K [0x000000076ab00000, 0x000000079b580000, 0x00000007c0000000)
  eden space 450048K, 0% used [0x000000076ab00000,0x000000076ab00000,0x0000000786280000)
  from space 111104K, 94% used [0x0000000786280000,0x000000078c96e950,0x000000078cf00000)
  to   space 128512K, 0% used [0x0000000793800000,0x0000000793800000,0x000000079b580000)
 ParOldGen       total 334848K, used 192593K [0x00000006c0000000, 0x00000006d4700000, 0x000000076ab00000)
  object space 334848K, 57% used [0x00000006c0000000,0x00000006cbc14790,0x00000006d4700000)
 Metaspace       used 6610K, capacity 7284K, committed 7552K, reserved 1056768K
  class space    used 603K, capacity 620K, committed 640K, reserved 1048576K
}
Event: 16.312 GC heap before
{Heap before GC invocations=14 (full 2):
 PSYoungGen      total 561152K, used 555450K [0x000000076ab00000, 0x000000079b580000, 0x00000007c0000000)
  eden space 450048K, 100% used [0x000000076ab00000,0x0000000786280000,0x0000000786280000)
  from space 111104K, 94% used [0x0000000786280000,0x000000078c96e950,0x000000078cf00000)
  to   space 128512K, 0% used [0x0000000793800000,0x0000000793800000,0x000000079b580000)
 ParOldGen       total 334848K, used 192593K [0x00000006c0000000, 0x00000006d4700000, 0x000000076ab00000)
  object space 334848K, 57% used [0x00000006c0000000,0x00000006cbc14790,0x00000006d4700000)
 Metaspace       used 6613K, capacity 7284K, committed 7552K, reserved 1056768K
  class space    used 603K, capacity 620K, committed 640K, reserved 1048576K
Event: 16.842 GC heap after
Heap after GC invocations=14 (full 2):
 PSYoungGen      total 630272K, used 128506K [0x000000076ab00000, 0x00000007a1600000, 0x00000007c0000000)
  eden space 501760K, 0% used [0x000000076ab00000,0x000000076ab00000,0x0000000789500000)
  from space 128512K, 99% used [0x0000000793800000,0x000000079b57e858,0x000000079b580000)
  to   space 166912K, 0% used [0x0000000789500000,0x0000000789500000,0x0000000793800000)
 ParOldGen       total 334848K, used 235418K [0x00000006c0000000, 0x00000006d4700000, 0x000000076ab00000)
  object space 334848K, 70% used [0x00000006c0000000,0x00000006ce5e6a18,0x00000006d4700000)
 Metaspace       used 6613K, capacity 7284K, committed 7552K, reserved 1056768K
  class space    used 603K, capacity 620K, committed 640K, reserved 1048576K
}
Event: 18.642 GC heap before
{Heap before GC invocations=15 (full 2):
 PSYoungGen      total 630272K, used 630266K [0x000000076ab00000, 0x00000007a1600000, 0x00000007c0000000)
  eden space 501760K, 100% used [0x000000076ab00000,0x0000000789500000,0x0000000789500000)
  from space 128512K, 99% used [0x0000000793800000,0x000000079b57e858,0x000000079b580000)
  to   space 166912K, 0% used [0x0000000789500000,0x0000000789500000,0x0000000793800000)
 ParOldGen       total 334848K, used 235418K [0x00000006c0000000, 0x00000006d4700000, 0x000000076ab00000)
  object space 334848K, 70% used [0x00000006c0000000,0x00000006ce5e6a18,0x00000006d4700000)
 Metaspace       used 6619K, capacity 7284K, committed 7552K, reserved 1056768K
  class space    used 603K, capacity 620K, committed 640K, reserved 1048576K
Event: 19.321 GC heap after
Heap after GC invocations=15 (full 2):
 PSYoungGen      total 668672K, used 166908K [0x000000076ab00000, 0x00000007ac000000, 0x00000007c0000000)
  eden space 501760K, 0% used [0x000000076ab00000,0x000000076ab00000,0x0000000789500000)
  from space 166912K, 99% used [0x0000000789500000,0x00000007937ff3f0,0x0000000793800000)
  to   space 211968K, 0% used [0x000000079f100000,0x000000079f100000,0x00000007ac000000)
 ParOldGen       total 334848K, used 277903K [0x00000006c0000000, 0x00000006d4700000, 0x000000076ab00000)
  object space 334848K, 82% used [0x00000006c0000000,0x00000006d0f63d98,0x00000006d4700000)
 Metaspace       used 6619K, capacity 7284K, committed 7552K, reserved 1056768K
  class space    used 603K, capacity 620K, committed 640K, reserved 1048576K
}
Event: 19.321 GC heap before
{Heap before GC invocations=16 (full 3):
 PSYoungGen      total 668672K, used 166908K [0x000000076ab00000, 0x00000007ac000000, 0x00000007c0000000)
  eden space 501760K, 0% used [0x000000076ab00000,0x000000076ab00000,0x0000000789500000)
  from space 166912K, 99% used [0x0000000789500000,0x00000007937ff3f0,0x0000000793800000)
  to   space 211968K, 0% used [0x000000079f100000,0x000000079f100000,0x00000007ac000000)
 ParOldGen       total 334848K, used 277903K [0x00000006c0000000, 0x00000006d4700000, 0x000000076ab00000)
  object space 334848K, 82% used [0x00000006c0000000,0x00000006d0f63d98,0x00000006d4700000)
 Metaspace       used 6619K, capacity 7284K, committed 7552K, reserved 1056768K
  class space    used 603K, capacity 620K, committed 640K, reserved 1048576K
Event: 21.504 GC heap after
Heap after GC invocations=16 (full 3):
 PSYoungGen      total 668672K, used 99874K [0x000000076ab00000, 0x00000007ac000000, 0x00000007c0000000)
  eden space 501760K, 0% used [0x000000076ab00000,0x000000076ab00000,0x0000000789500000)
  from space 166912K, 59% used [0x0000000789500000,0x000000078f688a48,0x0000000793800000)
  to   space 211968K, 0% used [0x000000079f100000,0x000000079f100000,0x00000007ac000000)
 ParOldGen       total 519168K, used 334806K [0x00000006c0000000, 0x00000006dfb00000, 0x000000076ab00000)
  object space 519168K, 64% used [0x00000006c0000000,0x00000006d46f58c0,0x00000006dfb00000)
 Metaspace       used 6619K, capacity 7284K, committed 7552K, reserved 1056768K
  class space    used 603K, capacity 620K, committed 640K, reserved 1048576K
}
Event: 23.226 GC heap before
{Heap before GC invocations=17 (full 3):
 PSYoungGen      total 668672K, used 601634K [0x000000076ab00000, 0x00000007ac000000, 0x00000007c0000000)
  eden space 501760K, 100% used [0x000000076ab00000,0x0000000789500000,0x0000000789500000)
  from space 166912K, 59% used [0x0000000789500000,0x000000078f688a48,0x0000000793800000)
  to   space 211968K, 0% used [0x000000079f100000,0x000000079f100000,0x00000007ac000000)
 ParOldGen       total 519168K, used 334806K [0x00000006c0000000, 0x00000006dfb00000, 0x000000076ab00000)
  object space 519168K, 64% used [0x00000006c0000000,0x00000006d46f58c0,0x00000006dfb00000)
 Metaspace       used 6622K, capacity 7284K, committed 7552K, reserved 1056768K
  class space    used 603K, capacity 620K, committed 640K, reserved 1048576K
Event: 24.397 GC heap after
Heap after GC invocations=17 (full 3):
 PSYoungGen      total 843776K, used 148989K [0x000000076ab00000, 0x00000007adb00000, 0x00000007c0000000)
  eden space 631808K, 0% used [0x000000076ab00000,0x000000076ab00000,0x0000000791400000)
  from space 211968K, 70% used [0x000000079f100000,0x00000007a827f760,0x00000007ac000000)
  to   space 226304K, 0% used [0x0000000791400000,0x0000000791400000,0x000000079f100000)
 ParOldGen       total 519168K, used 366774K [0x00000006c0000000, 0x00000006dfb00000, 0x000000076ab00000)
  object space 519168K, 70% used [0x00000006c0000000,0x00000006d662d990,0x00000006dfb00000)
 Metaspace       used 6622K, capacity 7284K, committed 7552K, reserved 1056768K
  class space    used 603K, capacity 620K, committed 640K, reserved 1048576K
}
Event: 32.444 GC heap before
{Heap before GC invocations=18 (full 3):
 PSYoungGen      total 843776K, used 780797K [0x000000076ab00000, 0x00000007adb00000, 0x00000007c0000000)
  eden space 631808K, 100% used [0x000000076ab00000,0x0000000791400000,0x0000000791400000)
  from space 211968K, 70% used [0x000000079f100000,0x00000007a827f760,0x00000007ac000000)
  to   space 226304K, 0% used [0x0000000791400000,0x0000000791400000,0x000000079f100000)
 ParOldGen       total 519168K, used 366774K [0x00000006c0000000, 0x00000006dfb00000, 0x000000076ab00000)
  object space 519168K, 70% used [0x00000006c0000000,0x00000006d662d990,0x00000006dfb00000)
 Metaspace       used 6990K, capacity 7640K, committed 7936K, reserved 1056768K
  class space    used 622K, capacity 656K, committed 768K, reserved 1048576K

Deoptimization events (10 events):
Event: 25.581 Thread 0x00007f90ac0c3800 Uncommon trap: reason=unstable_if action=reinterpret pc=0x000000010781a5ac method=com.android.dx.ssa.SetFactory.makeLivenessSet(I)Lcom/android/dx/util/IntSet; @ 4
Event: 25.956 Thread 0x00007f90ab812800 Uncommon trap: reason=unstable_if action=reinterpret pc=0x0000000108092a78 method=com.android.dx.ssa.InterferenceRegisterMapper.interferes(III)Z @ 69
Event: 26.706 Thread 0x00007f90ae0dd000 Uncommon trap: reason=class_check action=maybe_recompile pc=0x0000000107ab840c method=java.util.Arrays.hashCode([Ljava/lang/Object;)I @ 43
Event: 26.706 Thread 0x00007f90ae0dd000 Uncommon trap: reason=class_check action=maybe_recompile pc=0x0000000107ab840c method=java.util.Arrays.hashCode([Ljava/lang/Object;)I @ 43
Event: 26.706 Thread 0x00007f90ae0dd000 Uncommon trap: reason=class_check action=maybe_recompile pc=0x0000000107ab840c method=java.util.Arrays.hashCode([Ljava/lang/Object;)I @ 43
Event: 26.706 Thread 0x00007f90ae0dd000 Uncommon trap: reason=class_check action=maybe_recompile pc=0x0000000107ab840c method=java.util.Arrays.hashCode([Ljava/lang/Object;)I @ 43
Event: 26.706 Thread 0x00007f90ae0dd000 Uncommon trap: reason=class_check action=maybe_recompile pc=0x0000000107ab8a10 method=java.util.Arrays.hashCode([Ljava/lang/Object;)I @ 43
Event: 29.778 Thread 0x00007f90ae0dd000 Uncommon trap: reason=unstable_if action=reinterpret pc=0x00000001079fb048 method=com.android.dx.rop.code.RegisterSpecSet.equals(Ljava/lang/Object;)Z @ 30
Event: 29.788 Thread 0x00007f90ae0dd000 Uncommon trap: reason=unstable_if action=reinterpret pc=0x0000000107d2a220 method=java.util.TreeMap.put(Ljava/lang/Object;Ljava/lang/Object;)Ljava/lang/Object; @ 163
Event: 30.657 Thread 0x00007f90ae0dd000 Uncommon trap: reason=unstable_if action=reinterpret pc=0x000000010821d444 method=com.android.dx.rop.code.RegisterSpec.equalsUsingSimpleType(Lcom/android/dx/rop/code/RegisterSpec;)Z @ 5

Internal exceptions (10 events):
Event: 0.104 Thread 0x00007f90ab812800 Exception <a 'java/security/PrivilegedActionException'> (0x000000076aba41f0) thrown at [/Volumes/Android_AOSP/AOSP-openjdk/external/jetbrains/jdk/hotspot/src/share/vm/prims/jvm.cpp, line 1390]
Event: 0.104 Thread 0x00007f90ab812800 Exception <a 'java/security/PrivilegedActionException'> (0x000000076aba4400) thrown at [/Volumes/Android_AOSP/AOSP-openjdk/external/jetbrains/jdk/hotspot/src/share/vm/prims/jvm.cpp, line 1390]
Event: 0.106 Thread 0x00007f90ab812800 Exception <a 'java/util/zip/ZipException'> (0x000000076ac5c4a8) thrown at [/Volumes/Android_AOSP/AOSP-openjdk/external/jetbrains/jdk/hotspot/src/share/vm/prims/jni.cpp, line 709]
Event: 0.106 Thread 0x00007f90ab812800 Exception <a 'java/security/PrivilegedActionException'> (0x000000076ac5c6b0) thrown at [/Volumes/Android_AOSP/AOSP-openjdk/external/jetbrains/jdk/hotspot/src/share/vm/prims/jvm.cpp, line 1390]
Event: 0.106 Thread 0x00007f90ab812800 Exception <a 'java/security/PrivilegedActionException'> (0x000000076ac5c8c0) thrown at [/Volumes/Android_AOSP/AOSP-openjdk/external/jetbrains/jdk/hotspot/src/share/vm/prims/jvm.cpp, line 1390]
Event: 1.423 Thread 0x00007f90aca49800 Implicit null exception at 0x000000010782d625 to 0x00000001078303a9
Event: 1.747 Thread 0x00007f90ac8ce000 Exception <a 'java/lang/ArrayIndexOutOfBoundsException': 18> (0x000000076d5ba688) thrown at [/Volumes/Android_AOSP/AOSP-openjdk/external/jetbrains/jdk/hotspot/src/share/vm/interpreter/interpreterRuntime.cpp, line 366]
Event: 1.747 Thread 0x00007f90ac8ce000 Exception <a 'java/lang/ArrayIndexOutOfBoundsException': 145> (0x000000076d5bc208) thrown at [/Volumes/Android_AOSP/AOSP-openjdk/external/jetbrains/jdk/hotspot/src/share/vm/interpreter/interpreterRuntime.cpp, line 366]
Event: 1.748 Thread 0x00007f90ac8ce000 Exception <a 'java/lang/ArrayIndexOutOfBoundsException': 40> (0x000000076d5bd4f0) thrown at [/Volumes/Android_AOSP/AOSP-openjdk/external/jetbrains/jdk/hotspot/src/share/vm/interpreter/interpreterRuntime.cpp, line 366]
Event: 6.256 Thread 0x00007f90ac8ce000 Implicit null exception at 0x0000000107a9c3f8 to 0x0000000107a9d7c5

Events (10 events):
Event: 30.657 Thread 0x00007f90ae0dd000 Uncommon trap: trap_request=0xffffff65 fr.pc=0x000000010821d444
Event: 30.657 Thread 0x00007f90ae0dd000 DEOPT PACKING pc=0x000000010821d444 sp=0x00000001245fd1a0
Event: 30.657 Thread 0x00007f90ae0dd000 DEOPT UNPACKING pc=0x0000000107503f69 sp=0x00000001245fd090 mode 2
Event: 30.672 Thread 0x00007f90ae0dd000 DEOPT PACKING pc=0x000000010818f3a1 sp=0x00000001245fd180
Event: 30.672 Thread 0x00007f90ae0dd000 DEOPT UNPACKING pc=0x0000000107546373 sp=0x00000001245fcf18 mode 0
Event: 31.779 Thread 0x00007f90ae0dd000 DEOPT PACKING pc=0x000000010816ce08 sp=0x00000001245fd0a0
Event: 31.779 Thread 0x00007f90ae0dd000 DEOPT UNPACKING pc=0x0000000107546373 sp=0x00000001245fcda8 mode 0
Event: 32.436 Thread 0x00007f90ae0dd000 DEOPT PACKING pc=0x0000000108241566 sp=0x00000001245fd040
Event: 32.436 Thread 0x00007f90ae0dd000 DEOPT UNPACKING pc=0x0000000107546373 sp=0x00000001245fce38 mode 0
Event: 32.444 Executing VM operation: ParallelGCFailedAllocation


Dynamic libraries:
0x000000000741f000 	/System/Library/Frameworks/Cocoa.framework/Versions/A/Cocoa
0x000000000741f000 	/System/Library/Frameworks/Security.framework/Versions/A/Security
0x000000000741f000 	/System/Library/Frameworks/ApplicationServices.framework/Versions/A/ApplicationServices
0x000000000741f000 	/usr/lib/libz.1.dylib
0x000000000741f000 	/usr/lib/libSystem.B.dylib
0x000000000741f000 	/usr/lib/libobjc.A.dylib
0x000000000741f000 	/System/Library/Frameworks/Foundation.framework/Versions/C/Foundation
0x000000000741f000 	/System/Library/Frameworks/CoreFoundation.framework/Versions/A/CoreFoundation
0x000000000741f000 	/System/Library/Frameworks/AppKit.framework/Versions/C/AppKit
0x000000000741f000 	/System/Library/Frameworks/CoreData.framework/Versions/A/CoreData
0x000000000741f000 	/System/Library/PrivateFrameworks/RemoteViewServices.framework/Versions/A/RemoteViewServices
0x000000000741f000 	/System/Library/PrivateFrameworks/UIFoundation.framework/Versions/A/UIFoundation
0x000000000741f000 	/System/Library/Frameworks/IOSurface.framework/Versions/A/IOSurface
0x000000000741f000 	/System/Library/Frameworks/AudioToolbox.framework/Versions/A/AudioToolbox
0x000000000741f000 	/System/Library/Frameworks/AudioUnit.framework/Versions/A/AudioUnit
0x000000000741f000 	/System/Library/PrivateFrameworks/DataDetectorsCore.framework/Versions/A/DataDetectorsCore
0x000000000741f000 	/System/Library/PrivateFrameworks/DesktopServicesPriv.framework/Versions/A/DesktopServicesPriv
0x000000000741f000 	/System/Library/Frameworks/Carbon.framework/Versions/A/Frameworks/HIToolbox.framework/Versions/A/HIToolbox
0x000000000741f000 	/System/Library/Frameworks/QuartzCore.framework/Versions/A/QuartzCore
0x000000000741f000 	/System/Library/Frameworks/Carbon.framework/Versions/A/Frameworks/SpeechRecognition.framework/Versions/A/SpeechRecognition
0x000000000741f000 	/usr/lib/libauto.dylib
0x000000000741f000 	/usr/lib/libicucore.A.dylib
0x000000000741f000 	/usr/lib/libxml2.2.dylib
0x000000000741f000 	/System/Library/PrivateFrameworks/CoreUI.framework/Versions/A/CoreUI
0x000000000741f000 	/System/Library/Frameworks/CoreAudio.framework/Versions/A/CoreAudio
0x000000000741f000 	/System/Library/Frameworks/DiskArbitration.framework/Versions/A/DiskArbitration
0x000000000741f000 	/usr/lib/liblangid.dylib
0x000000000741f000 	/System/Library/PrivateFrameworks/MultitouchSupport.framework/Versions/A/MultitouchSupport
0x000000000741f000 	/System/Library/Frameworks/IOKit.framework/Versions/A/IOKit
0x000000000741f000 	/usr/lib/libDiagnosticMessagesClient.dylib
0x000000000741f000 	/System/Library/Frameworks/CoreServices.framework/Versions/A/CoreServices
0x000000000741f000 	/System/Library/PrivateFrameworks/PerformanceAnalysis.framework/Versions/A/PerformanceAnalysis
0x000000000741f000 	/System/Library/PrivateFrameworks/GenerationalStorage.framework/Versions/A/GenerationalStorage
0x000000000741f000 	/System/Library/Frameworks/OpenGL.framework/Versions/A/OpenGL
0x000000000741f000 	/System/Library/PrivateFrameworks/Sharing.framework/Versions/A/Sharing
0x000000000741f000 	/System/Library/Frameworks/CoreGraphics.framework/Versions/A/CoreGraphics
0x000000000741f000 	/System/Library/Frameworks/CoreText.framework/Versions/A/CoreText
0x000000000741f000 	/System/Library/Frameworks/ImageIO.framework/Versions/A/ImageIO
0x000000000741f000 	/usr/lib/libextension.dylib
0x000000000741f000 	/System/Library/PrivateFrameworks/Backup.framework/Versions/A/Backup
0x000000000741f000 	/usr/lib/libarchive.2.dylib
0x000000000741f000 	/System/Library/Frameworks/CFNetwork.framework/Versions/A/CFNetwork
0x000000000741f000 	/System/Library/Frameworks/SystemConfiguration.framework/Versions/A/SystemConfiguration
0x000000000741f000 	/usr/lib/libCRFSuite.dylib
0x000000000741f000 	/usr/lib/libc++.1.dylib
0x000000000741f000 	/usr/lib/libc++abi.dylib
0x000000000741f000 	/usr/lib/system/libcache.dylib
0x000000000741f000 	/usr/lib/system/libcommonCrypto.dylib
0x000000000741f000 	/usr/lib/system/libcompiler_rt.dylib
0x000000000741f000 	/usr/lib/system/libcopyfile.dylib
0x000000000741f000 	/usr/lib/system/libcorecrypto.dylib
0x000000000741f000 	/usr/lib/system/libdispatch.dylib
0x000000000741f000 	/usr/lib/system/libdyld.dylib
0x000000000741f000 	/usr/lib/system/libkeymgr.dylib
0x000000000741f000 	/usr/lib/system/liblaunch.dylib
0x000000000741f000 	/usr/lib/system/libmacho.dylib
0x000000000741f000 	/usr/lib/system/libquarantine.dylib
0x000000000741f000 	/usr/lib/system/libremovefile.dylib
0x000000000741f000 	/usr/lib/system/libsystem_asl.dylib
0x000000000741f000 	/usr/lib/system/libsystem_blocks.dylib
0x000000000741f000 	/usr/lib/system/libsystem_c.dylib
0x000000000741f000 	/usr/lib/system/libsystem_configuration.dylib
0x000000000741f000 	/usr/lib/system/libsystem_coreservices.dylib
0x000000000741f000 	/usr/lib/system/libsystem_coretls.dylib
0x000000000741f000 	/usr/lib/system/libsystem_dnssd.dylib
0x000000000741f000 	/usr/lib/system/libsystem_info.dylib
0x000000000741f000 	/usr/lib/system/libsystem_kernel.dylib
0x000000000741f000 	/usr/lib/system/libsystem_m.dylib
0x000000000741f000 	/usr/lib/system/libsystem_malloc.dylib
0x000000000741f000 	/usr/lib/system/libsystem_network.dylib
0x000000000741f000 	/usr/lib/system/libsystem_networkextension.dylib
0x000000000741f000 	/usr/lib/system/libsystem_notify.dylib
0x000000000741f000 	/usr/lib/system/libsystem_platform.dylib
0x000000000741f000 	/usr/lib/system/libsystem_pthread.dylib
0x000000000741f000 	/usr/lib/system/libsystem_sandbox.dylib
0x000000000741f000 	/usr/lib/system/libsystem_secinit.dylib
0x000000000741f000 	/usr/lib/system/libsystem_stats.dylib
0x000000000741f000 	/usr/lib/system/libsystem_trace.dylib
0x000000000741f000 	/usr/lib/system/libunc.dylib
0x000000000741f000 	/usr/lib/system/libunwind.dylib
0x000000000741f000 	/usr/lib/system/libxpc.dylib
0x000000000741f000 	/usr/lib/libbz2.1.0.dylib
0x000000000741f000 	/usr/lib/liblzma.5.dylib
0x000000000741f000 	/usr/lib/libbsm.0.dylib
0x000000000741f000 	/usr/lib/libsqlite3.dylib
0x000000000741f000 	/usr/lib/system/libkxld.dylib
0x000000000741f000 	/usr/lib/libxar.1.dylib
0x000000000741f000 	/usr/lib/libpam.2.dylib
0x000000000741f000 	/usr/lib/libOpenScriptingUtil.dylib
0x000000000741f000 	/System/Library/Frameworks/CoreServices.framework/Versions/A/Frameworks/FSEvents.framework/Versions/A/FSEvents
0x000000000741f000 	/System/Library/Frameworks/CoreServices.framework/Versions/A/Frameworks/CarbonCore.framework/Versions/A/CarbonCore
0x000000000741f000 	/System/Library/Frameworks/CoreServices.framework/Versions/A/Frameworks/Metadata.framework/Versions/A/Metadata
0x000000000741f000 	/System/Library/Frameworks/CoreServices.framework/Versions/A/Frameworks/OSServices.framework/Versions/A/OSServices
0x000000000741f000 	/System/Library/Frameworks/CoreServices.framework/Versions/A/Frameworks/SearchKit.framework/Versions/A/SearchKit
0x000000000741f000 	/System/Library/Frameworks/CoreServices.framework/Versions/A/Frameworks/AE.framework/Versions/A/AE
0x000000000741f000 	/System/Library/Frameworks/CoreServices.framework/Versions/A/Frameworks/LaunchServices.framework/Versions/A/LaunchServices
0x000000000741f000 	/System/Library/Frameworks/CoreServices.framework/Versions/A/Frameworks/DictionaryServices.framework/Versions/A/DictionaryServices
0x000000000741f000 	/System/Library/Frameworks/NetFS.framework/Versions/A/NetFS
0x000000000741f000 	/System/Library/PrivateFrameworks/NetAuth.framework/Versions/A/NetAuth
0x000000000741f000 	/System/Library/PrivateFrameworks/login.framework/Versions/A/Frameworks/loginsupport.framework/Versions/A/loginsupport
0x000000000741f000 	/System/Library/PrivateFrameworks/TCC.framework/Versions/A/TCC
0x000000000741f000 	/usr/lib/libmecabra.dylib
0x000000000741f000 	/System/Library/Frameworks/ApplicationServices.framework/Versions/A/Frameworks/ATS.framework/Versions/A/ATS
0x000000000741f000 	/System/Library/Frameworks/ApplicationServices.framework/Versions/A/Frameworks/ColorSync.framework/Versions/A/ColorSync
0x000000000741f000 	/System/Library/Frameworks/ApplicationServices.framework/Versions/A/Frameworks/HIServices.framework/Versions/A/HIServices
0x000000000741f000 	/System/Library/Frameworks/ApplicationServices.framework/Versions/A/Frameworks/LangAnalysis.framework/Versions/A/LangAnalysis
0x000000000741f000 	/System/Library/Frameworks/ApplicationServices.framework/Versions/A/Frameworks/PrintCore.framework/Versions/A/PrintCore
0x000000000741f000 	/System/Library/Frameworks/ApplicationServices.framework/Versions/A/Frameworks/QD.framework/Versions/A/QD
0x000000000741f000 	/System/Library/Frameworks/ApplicationServices.framework/Versions/A/Frameworks/SpeechSynthesis.framework/Versions/A/SpeechSynthesis
0x000000000741f000 	/System/Library/Frameworks/Accelerate.framework/Versions/A/Accelerate
0x000000000741f000 	/System/Library/Frameworks/Accelerate.framework/Versions/A/Frameworks/vImage.framework/Versions/A/vImage
0x000000000741f000 	/System/Library/Frameworks/Accelerate.framework/Versions/A/Frameworks/vecLib.framework/Versions/A/vecLib
0x000000000741f000 	/System/Library/Frameworks/Accelerate.framework/Versions/A/Frameworks/vecLib.framework/Versions/A/libvDSP.dylib
0x000000000741f000 	/System/Library/Frameworks/Accelerate.framework/Versions/A/Frameworks/vecLib.framework/Versions/A/libvMisc.dylib
0x000000000741f000 	/System/Library/Frameworks/Accelerate.framework/Versions/A/Frameworks/vecLib.framework/Versions/A/libLAPACK.dylib
0x000000000741f000 	/System/Library/Frameworks/Accelerate.framework/Versions/A/Frameworks/vecLib.framework/Versions/A/libBLAS.dylib
0x000000000741f000 	/System/Library/Frameworks/Accelerate.framework/Versions/A/Frameworks/vecLib.framework/Versions/A/libLinearAlgebra.dylib
0x000000000741f000 	/System/Library/Frameworks/ApplicationServices.framework/Versions/A/Frameworks/ATS.framework/Versions/A/Resources/libFontParser.dylib
0x000000000741f000 	/System/Library/Frameworks/ApplicationServices.framework/Versions/A/Frameworks/ATS.framework/Versions/A/Resources/libFontRegistry.dylib
0x000000000741f000 	/System/Library/PrivateFrameworks/AppleVPA.framework/Versions/A/AppleVPA
0x000000000741f000 	/System/Library/PrivateFrameworks/AppleJPEG.framework/Versions/A/AppleJPEG
0x000000000741f000 	/System/Library/Frameworks/ImageIO.framework/Versions/A/Resources/libJPEG.dylib
0x000000000741f000 	/System/Library/Frameworks/ImageIO.framework/Versions/A/Resources/libTIFF.dylib
0x000000000741f000 	/System/Library/Frameworks/ImageIO.framework/Versions/A/Resources/libPng.dylib
0x000000000741f000 	/System/Library/Frameworks/ImageIO.framework/Versions/A/Resources/libGIF.dylib
0x000000000741f000 	/System/Library/Frameworks/ImageIO.framework/Versions/A/Resources/libJP2.dylib
0x000000000741f000 	/System/Library/Frameworks/ImageIO.framework/Versions/A/Resources/libRadiance.dylib
0x000000000741f000 	/System/Library/Frameworks/CoreVideo.framework/Versions/A/CoreVideo
0x000000000741f000 	/System/Library/Frameworks/OpenGL.framework/Versions/A/Libraries/libGLU.dylib
0x000000000741f000 	/System/Library/Frameworks/OpenGL.framework/Versions/A/Libraries/libGFXShared.dylib
0x000000000741f000 	/System/Library/Frameworks/OpenGL.framework/Versions/A/Libraries/libGL.dylib
0x000000000741f000 	/System/Library/Frameworks/OpenGL.framework/Versions/A/Libraries/libGLImage.dylib
0x000000000741f000 	/System/Library/Frameworks/OpenGL.framework/Versions/A/Libraries/libCVMSPluginSupport.dylib
0x000000000741f000 	/System/Library/Frameworks/OpenGL.framework/Versions/A/Libraries/libCoreVMClient.dylib
0x000000000741f000 	/usr/lib/libcups.2.dylib
0x000000000741f000 	/System/Library/Frameworks/Kerberos.framework/Versions/A/Kerberos
0x000000000741f000 	/System/Library/Frameworks/GSS.framework/Versions/A/GSS
0x000000000741f000 	/usr/lib/libresolv.9.dylib
0x000000000741f000 	/usr/lib/libiconv.2.dylib
0x000000000741f000 	/System/Library/PrivateFrameworks/Heimdal.framework/Versions/A/Heimdal
0x000000000741f000 	/usr/lib/libheimdal-asn1.dylib
0x000000000741f000 	/System/Library/Frameworks/OpenDirectory.framework/Versions/A/OpenDirectory
0x000000000741f000 	/System/Library/PrivateFrameworks/CommonAuth.framework/Versions/A/CommonAuth
0x000000000741f000 	/System/Library/Frameworks/OpenDirectory.framework/Versions/A/Frameworks/CFOpenDirectory.framework/Versions/A/CFOpenDirectory
0x000000000741f000 	/System/Library/Frameworks/SecurityFoundation.framework/Versions/A/SecurityFoundation
0x000000000741f000 	/System/Library/PrivateFrameworks/LanguageModeling.framework/Versions/A/LanguageModeling
0x000000000741f000 	/usr/lib/libcmph.dylib
0x000000000741f000 	/System/Library/Frameworks/ServiceManagement.framework/Versions/A/ServiceManagement
0x000000000741f000 	/usr/lib/libxslt.1.dylib
0x000000000741f000 	/System/Library/Frameworks/Carbon.framework/Versions/A/Frameworks/Ink.framework/Versions/A/Ink
0x000000000741f000 	/System/Library/Frameworks/QuartzCore.framework/Versions/A/Frameworks/CoreImage.framework/Versions/A/CoreImage
0x000000000741f000 	/System/Library/PrivateFrameworks/CrashReporterSupport.framework/Versions/A/CrashReporterSupport
0x000000000741f000 	/System/Library/Frameworks/OpenCL.framework/Versions/A/OpenCL
0x000000000741f000 	/System/Library/PrivateFrameworks/FaceCore.framework/Versions/A/FaceCore
0x000000000741f000 	/System/Library/PrivateFrameworks/Ubiquity.framework/Versions/A/Ubiquity
0x000000000741f000 	/System/Library/PrivateFrameworks/IconServices.framework/Versions/A/IconServices
0x000000000741f000 	/System/Library/PrivateFrameworks/ChunkingLibrary.framework/Versions/A/ChunkingLibrary
0x000000000741f000 	/System/Library/PrivateFrameworks/Apple80211.framework/Versions/A/Apple80211
0x000000000741f000 	/System/Library/Frameworks/CoreWLAN.framework/Versions/A/CoreWLAN
0x000000000741f000 	/System/Library/Frameworks/IOBluetooth.framework/Versions/A/IOBluetooth
0x000000000741f000 	/System/Library/PrivateFrameworks/CoreWiFi.framework/Versions/A/CoreWiFi
0x000000000741f000 	/System/Library/Frameworks/CoreBluetooth.framework/Versions/A/CoreBluetooth
0x000000000741f000 	/System/Library/PrivateFrameworks/DebugSymbols.framework/Versions/A/DebugSymbols
0x000000000741f000 	/System/Library/PrivateFrameworks/CoreSymbolication.framework/Versions/A/CoreSymbolication
0x000000000741f000 	/System/Library/PrivateFrameworks/Symbolication.framework/Versions/A/Symbolication
0x000000000741f000 	/System/Library/PrivateFrameworks/SpeechRecognitionCore.framework/Versions/A/SpeechRecognitionCore
0x0000000106a00000 	/Applications/Android Studio.app/Contents/jre/jdk/Contents/Home/jre/lib/server/libjvm.dylib
0x000000000741f000 	/usr/lib/libstdc++.6.dylib
0x00000001061b0000 	/Applications/Android Studio.app/Contents/jre/jdk/Contents/Home/jre/lib/libverify.dylib
0x00000001061bd000 	/Applications/Android Studio.app/Contents/jre/jdk/Contents/Home/jre/lib/libjava.dylib
0x00000001074f6000 	/Applications/Android Studio.app/Contents/jre/jdk/Contents/Home/jre/lib/libzip.dylib
0x000000012203f000 	/System/Library/Frameworks/JavaVM.framework/Frameworks/JavaRuntimeSupport.framework/JavaRuntimeSupport
0x000000012205a000 	/System/Library/Frameworks/JavaVM.framework/Versions/A/Frameworks/JavaNativeFoundation.framework/Versions/A/JavaNativeFoundation
0x000000012206f000 	/System/Library/Frameworks/JavaVM.framework/Versions/A/JavaVM
0x000000000741f000 	/System/Library/Frameworks/Carbon.framework/Versions/A/Carbon
0x000000012207c000 	/System/Library/PrivateFrameworks/JavaLaunching.framework/Versions/A/JavaLaunching
0x000000000741f000 	/System/Library/Frameworks/Carbon.framework/Versions/A/Frameworks/CommonPanels.framework/Versions/A/CommonPanels
0x000000000741f000 	/System/Library/Frameworks/Carbon.framework/Versions/A/Frameworks/Help.framework/Versions/A/Help
0x000000000741f000 	/System/Library/Frameworks/Carbon.framework/Versions/A/Frameworks/ImageCapture.framework/Versions/A/ImageCapture
0x000000000741f000 	/System/Library/Frameworks/Carbon.framework/Versions/A/Frameworks/OpenScripting.framework/Versions/A/OpenScripting
0x000000000741f000 	/System/Library/Frameworks/Carbon.framework/Versions/A/Frameworks/Print.framework/Versions/A/Print
0x000000000741f000 	/System/Library/Frameworks/Carbon.framework/Versions/A/Frameworks/SecurityHI.framework/Versions/A/SecurityHI

VM Arguments:
jvm_args: -Djava.awt.headless=true -Xmx4g -Dfile.encoding=UTF-8 -Duser.country=US -Duser.language=en -Duser.variant 
java_command: com.android.dx.command.Main --dex --num-threads=4 --multi-dex --main-dex-list /Users/madhankumar/Development/Prakash/Workspace/IJBTLatest/app/build/intermediates/multi-dex/debug/maindexlist.txt --output /Users/madhankumar/Development/Prakash/Workspace/IJBTLatest/app/build/intermediates/transforms/dex/debug/folders/1000/1f/main /Users/madhankumar/Development/Prakash/Workspace/IJBTLatest/app/build/intermediates/transforms/jarMerging/debug/jars/1/1f/combined.jar
java_class_path (initial): /Users/madhankumar/Library/Android/sdk/build-tools/23.0.3/lib/dx.jar
Launcher Type: SUN_STANDARD

Environment Variables:
PATH=/usr/bin:/bin:/usr/sbin:/sbin
SHELL=/bin/bash

Signal Handlers:
SIGSEGV: [libjvm.dylib+0x57e9cd], sa_mask[0]=11111111011111110111111111111111, sa_flags=SA_ONSTACK|SA_RESTART|SA_SIGINFO
SIGBUS: [libjvm.dylib+0x57e9cd], sa_mask[0]=11111111011111110111111111111111, sa_flags=SA_RESTART|SA_SIGINFO
SIGFPE: [libjvm.dylib+0x45951c], sa_mask[0]=11111111011111110111111111111111, sa_flags=SA_RESTART|SA_SIGINFO
SIGPIPE: [libjvm.dylib+0x45951c], sa_mask[0]=11111111011111110111111111111111, sa_flags=SA_RESTART|SA_SIGINFO
SIGXFSZ: [libjvm.dylib+0x45951c], sa_mask[0]=11111111011111110111111111111111, sa_flags=SA_RESTART|SA_SIGINFO
SIGILL: [libjvm.dylib+0x45951c], sa_mask[0]=11111111011111110111111111111111, sa_flags=SA_RESTART|SA_SIGINFO
SIGUSR1: SIG_DFL, sa_mask[0]=00000000000000000000000000000000, sa_flags=none
SIGUSR2: [libjvm.dylib+0x45903a], sa_mask[0]=00100000000000000000000000000000, sa_flags=SA_RESTART|SA_SIGINFO
SIGHUP: [libjvm.dylib+0x457611], sa_mask[0]=11111111011111110111111111111111, sa_flags=SA_RESTART|SA_SIGINFO
SIGINT: [libjvm.dylib+0x457611], sa_mask[0]=11111111011111110111111111111111, sa_flags=SA_RESTART|SA_SIGINFO
SIGTERM: [libjvm.dylib+0x457611], sa_mask[0]=11111111011111110111111111111111, sa_flags=SA_RESTART|SA_SIGINFO
SIGQUIT: [libjvm.dylib+0x457611], sa_mask[0]=11111111011111110111111111111111, sa_flags=SA_RESTART|SA_SIGINFO


---------------  S Y S T E M  ---------------

OS:Bsduname:Darwin 14.5.0 Darwin Kernel Version 14.5.0: Sun Sep 25 22:07:15 PDT 2016; root:xnu-2782.50.9~1/RELEASE_X86_64 x86_64
rlimit: STACK 8192k, CORE 0k, NPROC 709, NOFILE 10240, AS infinity
load average:6.08 4.11 3.68

CPU:total 4 (2 cores per cpu, 2 threads per core) family 6 model 58 stepping 9, cmov, cx8, fxsr, mmx, sse, sse2, sse3, ssse3, sse4.1, sse4.2, popcnt, avx, aes, clmul, erms, ht, tsc, tscinvbit, tscinv

Memory: 4k page, physical 8388608k(19124k free)

/proc/meminfo:


vm_info: OpenJDK 64-Bit Server VM (25.112-b05) for bsd-amd64 JRE (1.8.0_112-release-b05), built on Sep 26 2016 14:04:06 by "builder" with gcc 4.2.1 (Based on Apple Inc. build 5658) (LLVM build 2336.11.00)

time: Wed May  3 13:37:10 2017
elapsed time: 33 seconds (0d 0h 0m 33s)

